TN:
SF:/home/kbikeguy/soft_eng/tank-project/src/Actor.cpp
FN:10,_ZN5ActorD0Ev
FN:10,_ZN5ActorD2Ev
FN:23,_ZN5Actor7setNameENSt7__cxx1112basic_stringIcSt11char_traitsIcESaIcEEE
FN:38,_ZN5Actor5setIdEi
FN:54,_ZN5Actor5getIdEv
FN:69,_ZN5Actor7getNameB5cxx11Ev
FNDA:0,_ZN5Actor5setIdEi
FNDA:0,_ZN5Actor7getNameB5cxx11Ev
FNDA:115,_ZN5ActorD2Ev
FNDA:0,_ZN5Actor5getIdEv
FNDA:0,_ZN5ActorD0Ev
FNDA:0,_ZN5Actor7setNameENSt7__cxx1112basic_stringIcSt11char_traitsIcESaIcEEE
FNF:6
FNH:1
DA:10,115
DA:23,0
DA:25,0
DA:26,0
DA:38,0
DA:40,0
DA:41,0
DA:54,0
DA:56,0
DA:69,0
DA:71,0
LF:11
LH:1
end_of_record
TN:
SF:/home/kbikeguy/soft_eng/tank-project/src/Actor.h
FN:15,_ZN5ActorC2Ev
FNDA:117,_ZN5ActorC2Ev
FNF:1
FNH:1
DA:15,117
LF:1
LH:1
end_of_record
TN:
SF:/home/kbikeguy/soft_eng/tank-project/src/ActorInfo.cpp
FN:18,_ZeqRK9ActorInfoS1_
FN:24,_GLOBAL__sub_I_ActorInfo.cpp
FN:24,_Z41__static_initialization_and_destruction_0ii
FNDA:2,_Z41__static_initialization_and_destruction_0ii
FNDA:2,_GLOBAL__sub_I_ActorInfo.cpp
FNDA:6,_ZeqRK9ActorInfoS1_
FNF:3
FNH:3
DA:18,6
DA:20,17
DA:21,15
DA:22,15
DA:23,16
DA:24,6
LF:6
LH:6
end_of_record
TN:
SF:/home/kbikeguy/soft_eng/tank-project/src/ActorInfo.h
FN:26,_ZN9ActorInfoC2EOS_
FN:26,_ZN9ActorInfoD2Ev
FN:26,_ZN9ActorInfoaSEOS_
FN:26,_ZN9ActorInfoC2ERKS_
FN:26,_ZN9ActorInfoaSERKS_
FN:55,_ZN9ActorInfoC2EP5ActoriiiiiiiiiiNSt7__cxx1112basic_stringIcSt11char_traitsIcESaIcEEE
FN:73,_ZN9ActorInfoC2Ev
FNDA:1863,_ZN9ActorInfoC2ERKS_
FNDA:2120,_ZN9ActorInfoD2Ev
FNDA:42,_ZN9ActorInfoC2EOS_
FNDA:22,_ZN9ActorInfoaSEOS_
FNDA:142,_ZN9ActorInfoC2EP5ActoriiiiiiiiiiNSt7__cxx1112basic_stringIcSt11char_traitsIcESaIcEEE
FNDA:6,_ZN9ActorInfoaSERKS_
FNDA:73,_ZN9ActorInfoC2Ev
FNF:7
FNH:7
DA:26,4053
DA:55,142
DA:67,142
DA:70,142
DA:73,73
DA:75,73
LF:6
LH:6
end_of_record
TN:
SF:/home/kbikeguy/soft_eng/tank-project/src/ConfigReader.cpp
FN:3,_Z6loadAIRbRSt6vectorINSt7__cxx1112basic_stringIcSt11char_traitsIcESaIcEEESaIS6_EERS6_RS0_ISt4pairIiiESaISC_EES9_RiSG_
FN:68,_Z14setFieldParamsNSt7__cxx1112basic_stringIcSt11char_traitsIcESaIcEEERS4_RiS6_S6_RSt6vectorIS4_SaIS4_EE
FN:81,_Z12setAttributeRNSt7__cxx1112basic_stringIcSt11char_traitsIcESaIcEEERiii
FN:92,_Z13loadBackImageRNSt7__cxx1112basic_stringIcSt11char_traitsIcESaIcEEERSt6vectorIS4_SaIS4_EE
FN:100,_Z21loadObstacleLocationsNSt7__cxx1112basic_stringIcSt11char_traitsIcESaIcEEERS4_iiSt6vectorISt4pairIiiESaIS8_EERSA_SB_SB_SB_SB_SB_RbSC_
FN:155,_Z10isObstacleNSt7__cxx1112basic_stringIcSt11char_traitsIcESaIcEEE
FN:162,_Z10loadImagesNSt7__cxx1112basic_stringIcSt11char_traitsIcESaIcEEES4_RSt6vectorIS4_SaIS4_EES8_S8_S8_S8_
FN:179,_Z8addImageNSt7__cxx1112basic_stringIcSt11char_traitsIcESaIcEEERSt6vectorIS4_SaIS4_EE
FN:200,_Z13setTankParamsNSt7__cxx1112basic_stringIcSt11char_traitsIcESaIcEEERS4_RiS6_S6_S6_S6_S6_S6_i
FN:223,_Z11writeConfigRSt14basic_ofstreamIcSt11char_traitsIcEE
FN:285,_GLOBAL__sub_I_ConfigReader.cpp
FN:285,_Z41__static_initialization_and_destruction_0ii
FNDA:0,_Z12setAttributeRNSt7__cxx1112basic_stringIcSt11char_traitsIcESaIcEEERiii
FNDA:0,_Z10isObstacleNSt7__cxx1112basic_stringIcSt11char_traitsIcESaIcEEE
FNDA:0,_Z11writeConfigRSt14basic_ofstreamIcSt11char_traitsIcEE
FNDA:0,_Z13loadBackImageRNSt7__cxx1112basic_stringIcSt11char_traitsIcESaIcEEERSt6vectorIS4_SaIS4_EE
FNDA:2,_GLOBAL__sub_I_ConfigReader.cpp
FNDA:0,_Z21loadObstacleLocationsNSt7__cxx1112basic_stringIcSt11char_traitsIcESaIcEEERS4_iiSt6vectorISt4pairIiiESaIS8_EERSA_SB_SB_SB_SB_SB_RbSC_
FNDA:0,_Z14setFieldParamsNSt7__cxx1112basic_stringIcSt11char_traitsIcESaIcEEERS4_RiS6_S6_RSt6vectorIS4_SaIS4_EE
FNDA:0,_Z8addImageNSt7__cxx1112basic_stringIcSt11char_traitsIcESaIcEEERSt6vectorIS4_SaIS4_EE
FNDA:2,_Z41__static_initialization_and_destruction_0ii
FNDA:0,_Z10loadImagesNSt7__cxx1112basic_stringIcSt11char_traitsIcESaIcEEES4_RSt6vectorIS4_SaIS4_EES8_S8_S8_S8_
FNDA:0,_Z13setTankParamsNSt7__cxx1112basic_stringIcSt11char_traitsIcESaIcEEERS4_RiS6_S6_S6_S6_S6_S6_i
FNDA:0,_Z6loadAIRbRSt6vectorINSt7__cxx1112basic_stringIcSt11char_traitsIcESaIcEEESaIS6_EERS6_RS0_ISt4pairIiiESaISC_EES9_RiSG_
FNF:12
FNH:2
DA:3,0
DA:11,0
DA:13,0
DA:14,0
DA:15,0
DA:16,0
DA:18,0
DA:19,0
DA:21,0
DA:23,0
DA:24,0
DA:26,0
DA:27,0
DA:28,0
DA:29,0
DA:31,0
DA:32,0
DA:33,0
DA:35,0
DA:38,0
DA:39,0
DA:41,0
DA:43,0
DA:45,0
DA:46,0
DA:48,0
DA:49,0
DA:51,0
DA:52,0
DA:56,0
DA:57,0
DA:58,0
DA:61,0
DA:62,0
DA:64,0
DA:65,0
DA:68,0
DA:71,0
DA:72,0
DA:73,0
DA:74,0
DA:75,0
DA:76,0
DA:77,0
DA:78,0
DA:79,0
DA:81,0
DA:83,0
DA:85,0
DA:86,0
DA:88,0
DA:89,0
DA:90,0
DA:92,0
DA:94,0
DA:95,0
DA:96,0
DA:97,0
DA:100,0
DA:106,0
DA:107,0
DA:109,0
DA:111,0
DA:113,0
DA:114,0
DA:115,0
DA:116,0
DA:117,0
DA:121,0
DA:122,0
DA:123,0
DA:124,0
DA:125,0
DA:126,0
DA:127,0
DA:129,0
DA:130,0
DA:131,0
DA:133,0
DA:134,0
DA:136,0
DA:137,0
DA:139,0
DA:140,0
DA:142,0
DA:143,0
DA:146,0
DA:148,0
DA:152,0
DA:155,0
DA:157,0
DA:158,0
DA:162,0
DA:166,0
DA:167,0
DA:168,0
DA:169,0
DA:170,0
DA:171,0
DA:172,0
DA:173,0
DA:174,0
DA:175,0
DA:176,0
DA:179,0
DA:181,0
DA:182,0
DA:183,0
DA:185,0
DA:187,0
DA:188,0
DA:192,0
DA:193,0
DA:194,0
DA:197,0
DA:200,0
DA:203,0
DA:204,0
DA:205,0
DA:206,0
DA:207,0
DA:208,0
DA:209,0
DA:210,0
DA:211,0
DA:212,0
DA:213,0
DA:214,0
DA:215,0
DA:216,0
DA:218,0
DA:223,0
DA:284,0
DA:285,6
LF:134
LH:1
end_of_record
TN:
SF:/home/kbikeguy/soft_eng/tank-project/src/Crate.cpp
FN:19,_ZN5CrateC2Effii
FN:35,_ZN5Crate4drawEii
FN:53,_GLOBAL__sub_I_Crate.cpp
FN:53,_Z41__static_initialization_and_destruction_0ii
FNDA:2,_GLOBAL__sub_I_Crate.cpp
FNDA:0,_ZN5Crate4drawEii
FNDA:2,_Z41__static_initialization_and_destruction_0ii
FNDA:0,_ZN5CrateC2Effii
FNF:4
FNH:2
DA:19,0
DA:21,0
DA:22,0
DA:23,0
DA:24,0
DA:25,0
DA:26,0
DA:27,0
DA:35,0
DA:37,0
DA:38,0
DA:39,0
DA:40,0
DA:41,0
DA:42,0
DA:43,0
DA:44,0
DA:45,0
DA:46,0
DA:47,0
DA:48,0
DA:49,0
DA:50,0
DA:51,0
DA:52,0
DA:53,6
LF:26
LH:1
end_of_record
TN:
SF:/home/kbikeguy/soft_eng/tank-project/src/Drawable.h
FN:35,_ZN8DrawableC2Ev
FN:36,_ZN8DrawableD2Ev
FN:72,_ZN4MenuD2Ev
FN:117,_ZN10ProjectileD2Ev
FN:140,_ZN12TankDrawableD2Ev
FNDA:0,_ZN12TankDrawableD2Ev
FNDA:0,_ZN8DrawableC2Ev
FNDA:0,_ZN4MenuD2Ev
FNDA:0,_ZN10ProjectileD2Ev
FNDA:0,_ZN8DrawableD2Ev
FNF:5
FNH:0
DA:35,0
DA:36,0
DA:72,0
DA:117,0
DA:140,0
LF:5
LH:0
end_of_record
TN:
SF:/home/kbikeguy/soft_eng/tank-project/src/DynamicLoader.cpp
FN:19,_Z17dynamicTankLoaderSt6vectorINSt7__cxx1112basic_stringIcSt11char_traitsIcESaIcEEESaIS5_EE
FN:54,_Z41__static_initialization_and_destruction_0ii
FN:54,_GLOBAL__sub_I_DynamicLoader.cpp
FNDA:2,_Z41__static_initialization_and_destruction_0ii
FNDA:3,_Z17dynamicTankLoaderSt6vectorINSt7__cxx1112basic_stringIcSt11char_traitsIcESaIcEEESaIS5_EE
FNDA:2,_GLOBAL__sub_I_DynamicLoader.cpp
FNF:3
FNH:3
DA:19,3
DA:21,3
DA:22,6
DA:23,6
DA:24,6
DA:27,5
DA:30,2
DA:31,2
DA:32,2
DA:35,2
DA:36,2
DA:38,0
DA:39,0
DA:43,2
DA:44,2
DA:45,2
DA:46,0
DA:48,2
DA:52,6
DA:54,6
LF:20
LH:17
end_of_record
TN:
SF:/home/kbikeguy/soft_eng/tank-project/src/GameField.cpp
FN:14,_ZN9GameFieldC2Ev
FN:31,_ZN9GameFieldD2Ev
FN:45,_ZN9GameFieldC2Eii
FN:67,_ZN9GameFieldC2EiiSt6vectorI9ActorInfoSaIS1_EE
FN:91,_ZN9GameFieldC2EiiSt6vectorI9ActorInfoSaIS1_EEi
FN:110,_ZN9GameFieldC2EiiSt6vectorI9ActorInfoSaIS1_EEPFv7MapDataS3_iE
FN:130,_ZN9GameFieldC2EiiSt6vectorI9ActorInfoSaIS1_EEPFv7MapDataS3_iEP4Game
FN:156,_ZN9GameFieldC2EiiSt6vectorI9ActorInfoSaIS1_EEPFv7MapDataS3_iEi
FN:182,_ZN9GameField12getTurnCountEv
FN:192,_ZN9GameField8getWidthEv
FN:202,_ZN9GameField9getHeightEv
FN:212,_ZN9GameField6getMapEv
FN:222,_ZN9GameField9updateMapEv
FN:240,_ZN9GameField10setSPECIALEi10attributes
FN:325,_ZN9GameField11animateMoveER9ActorInfo
FN:422,_ZN9GameField8runMovesER9ActorInfoR7MapDataR12PositionData
FN:733,_ZN9GameField11checkHealthER9ActorInfob
FN:770,_ZN9GameField17checkObjectStrikeER9ActorInfo
FN:878,_ZN9GameField12crate_o_doomEiiR9ActorInfo
FN:983,_ZN9GameField17create_fog_of_warER7MapData9ActorInfo
FN:1067,_ZN9GameField19checkObjectRegrowthEv
FN:1109,_ZN9GameField8nextTurnEv
FN:1265,_ZN9GameField8addActorE9ActorInfo
FN:1276,_ZN9GameField16checkForCheatersEi
FN:1300,_ZN9GameField11addObstacleEiii
FN:1314,_ZN9GameField14removeObstacleEii
FN:1319,_ZN9GameField11getDeceasedEv
FN:1329,_ZN9GameField9getActorsEv
FN:1339,_ZN9GameField16getActorsPointerEv
FN:1351,_ZN9GameField14getActorsConstEv
FN:1361,_ZN9GameField6getSFXEv
FN:1371,_ZN9GameField13getSFXPointerEv
FN:1383,_ZN9GameField11getSFXConstEv
FN:1393,_ZN9GameField8clearSFXEv
FN:1403,_ZN9GameField17findActorsByCoordEii
FN:1422,_ZN9GameField4cullEv
FN:1448,_ZN9GameField10getMapDataEv
FN:1462,_ZN9GameField13actorInfoByIdEi
FN:1483,_ZN9GameField10obstacleAtEii
FN:1489,_ZN9GameField9getWinnerB5cxx11Ev
FN:1500,_GLOBAL__sub_I_GameField.cpp
FN:1500,_Z41__static_initialization_and_destruction_0ii
FNDA:0,_ZN9GameField16getActorsPointerEv
FNDA:1,_ZN9GameField9getHeightEv
FNDA:12,_ZN9GameFieldC2Ev
FNDA:1,_ZN9GameField14removeObstacleEii
FNDA:2,_ZN9GameField8getWidthEv
FNDA:0,_ZN9GameField19checkObjectRegrowthEv
FNDA:2,_Z41__static_initialization_and_destruction_0ii
FNDA:0,_ZN9GameField11animateMoveER9ActorInfo
FNDA:586,_ZN9GameField10obstacleAtEii
FNDA:0,_ZN9GameField6getSFXEv
FNDA:20,_ZN9GameFieldC2EiiSt6vectorI9ActorInfoSaIS1_EE
FNDA:523,_ZN9GameField9updateMapEv
FNDA:31,_ZN9GameField6getMapEv
FNDA:0,_ZN9GameField8clearSFXEv
FNDA:3,_ZN9GameField10getMapDataEv
FNDA:2,_GLOBAL__sub_I_GameField.cpp
FNDA:28,_ZN9GameField11addObstacleEiii
FNDA:162,_ZN9GameField17checkObjectStrikeER9ActorInfo
FNDA:67,_ZN9GameFieldD2Ev
FNDA:1,_ZN9GameField10setSPECIALEi10attributes
FNDA:63,_ZN9GameField8nextTurnEv
FNDA:1,_ZN9GameField12getTurnCountEv
FNDA:0,_ZN9GameField11getDeceasedEv
FNDA:0,_ZN9GameField13getSFXPointerEv
FNDA:64,_ZN9GameField4cullEv
FNDA:38,_ZN9GameField8addActorE9ActorInfo
FNDA:0,_ZN9GameFieldC2EiiSt6vectorI9ActorInfoSaIS1_EEPFv7MapDataS3_iEi
FNDA:0,_ZN9GameFieldC2EiiSt6vectorI9ActorInfoSaIS1_EEPFv7MapDataS3_iE
FNDA:0,_ZN9GameField12crate_o_doomEiiR9ActorInfo
FNDA:32,_ZN9GameField9getActorsEv
FNDA:0,_ZN9GameField9getWinnerB5cxx11Ev
FNDA:170,_ZN9GameField11checkHealthER9ActorInfob
FNDA:27,_ZN9GameFieldC2Eii
FNDA:200,_ZN9GameField8runMovesER9ActorInfoR7MapDataR12PositionData
FNDA:0,_ZN9GameField14getActorsConstEv
FNDA:278,_ZN9GameField17create_fog_of_warER7MapData9ActorInfo
FNDA:0,_ZN9GameField11getSFXConstEv
FNDA:1,_ZN9GameField16checkForCheatersEi
FNDA:2,_ZN9GameField17findActorsByCoordEii
FNDA:0,_ZN9GameFieldC2EiiSt6vectorI9ActorInfoSaIS1_EEPFv7MapDataS3_iEP4Game
FNDA:20,_ZN9GameField13actorInfoByIdEi
FNDA:8,_ZN9GameFieldC2EiiSt6vectorI9ActorInfoSaIS1_EEi
FNF:42
FNH:28
DA:14,12
DA:16,12
DA:17,12
DA:18,12
DA:19,12
DA:20,12
DA:21,12
DA:22,12
DA:23,12
DA:24,12
DA:31,134
DA:33,139
DA:35,72
DA:36,65
DA:38,67
DA:45,27
DA:48,27
DA:49,27
DA:50,27
DA:53,27
DA:54,27
DA:57,27
DA:58,27
DA:59,27
DA:60,27
DA:67,20
DA:68,20
DA:71,20
DA:72,20
DA:73,20
DA:76,20
DA:77,20
DA:80,20
DA:81,20
DA:82,20
DA:83,20
DA:84,20
DA:91,8
DA:92,8
DA:95,8
DA:96,8
DA:97,8
DA:100,8
DA:101,8
DA:104,8
DA:105,8
DA:106,8
DA:107,8
DA:108,8
DA:110,0
DA:111,0
DA:112,0
DA:115,0
DA:116,0
DA:117,0
DA:120,0
DA:121,0
DA:124,0
DA:125,0
DA:126,0
DA:127,0
DA:128,0
DA:130,0
DA:132,0
DA:135,0
DA:136,0
DA:137,0
DA:140,0
DA:141,0
DA:144,0
DA:145,0
DA:148,0
DA:149,0
DA:151,0
DA:152,0
DA:153,0
DA:154,0
DA:156,0
DA:158,0
DA:161,0
DA:162,0
DA:163,0
DA:166,0
DA:167,0
DA:170,0
DA:171,0
DA:172,0
DA:173,0
DA:174,0
DA:182,1
DA:184,1
DA:192,2
DA:194,2
DA:202,1
DA:204,1
DA:212,31
DA:214,31
DA:222,523
DA:225,523
DA:226,1547
DA:229,1024
DA:230,978
DA:233,523
DA:240,1
DA:242,1
DA:244,2
DA:247,1
DA:250,1
DA:251,1
DA:252,1
DA:255,1
DA:258,1
DA:259,1
DA:260,1
DA:261,1
DA:262,1
DA:263,1
DA:266,1
DA:268,0
DA:269,0
DA:272,1
DA:274,0
DA:275,0
DA:278,1
DA:280,0
DA:281,0
DA:282,0
DA:285,1
DA:287,0
DA:288,0
DA:291,1
DA:293,0
DA:294,0
DA:297,1
DA:299,0
DA:300,0
DA:306,0
DA:307,0
DA:310,1
DA:325,0
DA:328,0
DA:329,0
DA:332,0
DA:333,0
DA:334,0
DA:335,0
DA:338,0
DA:345,0
DA:347,0
DA:350,0
DA:351,0
DA:353,0
DA:357,0
DA:361,0
DA:363,0
DA:365,0
DA:367,0
DA:382,0
DA:385,0
DA:387,0
DA:389,0
DA:391,0
DA:394,0
DA:396,0
DA:397,0
DA:398,0
DA:399,0
DA:400,0
DA:401,0
DA:405,0
DA:408,0
DA:409,0
DA:412,0
DA:413,0
DA:422,200
DA:425,200
DA:426,200
DA:430,200
DA:432,200
DA:437,200
DA:438,38
DA:441,162
DA:442,162
DA:445,162
DA:447,34
DA:448,60
DA:449,1
DA:450,1
DA:451,1
DA:452,1
DA:453,1
DA:454,26
DA:456,8
DA:457,34
DA:459,22
DA:460,38
DA:461,0
DA:462,0
DA:463,0
DA:464,0
DA:465,0
DA:466,16
DA:468,6
DA:469,22
DA:471,34
DA:472,62
DA:473,0
DA:474,0
DA:475,0
DA:476,0
DA:477,0
DA:478,28
DA:480,6
DA:481,34
DA:483,58
DA:484,110
DA:485,0
DA:486,0
DA:487,0
DA:488,0
DA:489,0
DA:490,52
DA:492,6
DA:493,58
DA:495,4
DA:496,5
DA:497,0
DA:498,0
DA:499,0
DA:500,0
DA:501,0
DA:503,1
DA:504,1
DA:508,3
DA:509,4
DA:511,4
DA:512,6
DA:513,0
DA:514,0
DA:515,0
DA:516,0
DA:517,0
DA:519,2
DA:520,2
DA:524,2
DA:525,4
DA:527,3
DA:528,4
DA:529,0
DA:530,0
DA:531,0
DA:532,0
DA:533,0
DA:535,1
DA:536,1
DA:540,2
DA:541,3
DA:543,3
DA:544,4
DA:545,0
DA:546,0
DA:547,0
DA:548,0
DA:549,0
DA:551,1
DA:552,1
DA:556,2
DA:557,3
DA:559,0
DA:560,0
DA:564,162
DA:565,162
DA:569,162
DA:572,162
DA:574,0
DA:575,0
DA:578,0
DA:580,0
DA:582,0
DA:586,162
DA:588,127
DA:590,15
DA:591,15
DA:595,444
DA:597,317
DA:598,112
DA:600,951
DA:601,316
DA:602,177
DA:603,454
DA:606,10
DA:610,1
DA:611,1
DA:614,1
DA:616,1
DA:619,1
DA:622,0
DA:625,1
DA:628,1
DA:635,0
DA:639,1
DA:641,1
DA:642,1
DA:645,1
DA:649,9
DA:652,2
DA:655,2
DA:658,2
DA:660,0
DA:663,0
DA:664,0
DA:668,2
DA:672,7
DA:675,7
DA:678,7
DA:682,7
DA:683,7
DA:686,7
DA:687,5
DA:689,7
DA:695,162
DA:696,162
DA:699,162
DA:702,0
DA:703,0
DA:706,0
DA:708,0
DA:711,0
DA:714,0
DA:715,0
DA:718,0
DA:733,170
DA:736,170
DA:738,24
DA:740,24
DA:741,24
DA:742,24
DA:743,24
DA:744,24
DA:748,146
DA:750,0
DA:752,0
DA:753,0
DA:754,0
DA:755,0
DA:756,0
DA:759,146
DA:770,162
DA:772,162
DA:773,162
DA:776,162
DA:777,42
DA:780,120
DA:781,120
DA:785,0
DA:786,0
DA:789,0
DA:791,0
DA:793,0
DA:795,0
DA:796,0
DA:799,0
DA:801,0
DA:803,0
DA:804,0
DA:808,0
DA:814,0
DA:816,0
DA:818,0
DA:820,0
DA:821,0
DA:824,0
DA:826,0
DA:828,0
DA:829,0
DA:832,0
DA:834,0
DA:835,0
DA:839,0
DA:844,0
DA:846,0
DA:848,0
DA:850,0
DA:853,0
DA:854,0
DA:856,0
DA:858,0
DA:860,0
DA:861,0
DA:865,0
DA:870,0
DA:878,0
DA:882,0
DA:884,0
DA:885,0
DA:886,0
DA:887,0
DA:889,0
DA:891,0
DA:895,0
DA:898,0
DA:899,0
DA:901,0
DA:903,0
DA:906,0
DA:908,0
DA:909,0
DA:913,0
DA:916,0
DA:917,0
DA:919,0
DA:921,0
DA:924,0
DA:927,0
DA:930,0
DA:931,0
DA:933,0
DA:935,0
DA:938,0
DA:940,0
DA:941,0
DA:945,0
DA:947,0
DA:951,0
DA:953,0
DA:955,0
DA:958,0
DA:960,0
DA:961,0
DA:962,0
DA:965,0
DA:968,0
DA:971,0
DA:975,0
DA:983,278
DA:985,278
DA:986,120
DA:989,158
DA:991,158
DA:992,158
DA:993,158
DA:994,158
DA:996,316
DA:997,158
DA:998,158
DA:999,158
DA:1000,158
DA:1002,322
DA:1004,368
DA:1006,204
DA:1008,204
DA:1009,204
DA:1011,204
DA:1013,426
DA:1015,270
DA:1016,156
DA:1020,204
DA:1023,0
DA:1024,0
DA:1026,0
DA:1027,0
DA:1029,0
DA:1032,0
DA:1033,0
DA:1034,0
DA:1035,0
DA:1037,0
DA:1038,0
DA:1040,0
DA:1041,0
DA:1043,0
DA:1056,158
DA:1067,0
DA:1069,0
DA:1071,0
DA:1073,0
DA:1074,0
DA:1075,0
DA:1079,0
DA:1081,0
DA:1083,0
DA:1084,0
DA:1085,0
DA:1090,0
DA:1092,0
DA:1094,0
DA:1095,0
DA:1096,0
DA:1099,0
DA:1109,63
DA:1111,63
DA:1113,0
DA:1114,0
DA:1118,126
DA:1119,126
DA:1120,63
DA:1121,63
DA:1122,126
DA:1124,63
DA:1125,0
DA:1127,181
DA:1129,118
DA:1131,118
DA:1132,0
DA:1135,118
DA:1137,118
DA:1138,0
DA:1140,118
DA:1142,670
DA:1144,276
DA:1146,276
DA:1148,0
DA:1149,0
DA:1150,0
DA:1153,276
DA:1154,276
DA:1155,276
DA:1156,276
DA:1157,276
DA:1158,276
DA:1159,276
DA:1160,276
DA:1161,276
DA:1162,276
DA:1164,276
DA:1165,200
DA:1167,76
DA:1170,76
DA:1171,76
DA:1172,76
DA:1173,76
DA:1176,76
DA:1179,76
DA:1181,76
DA:1183,22
DA:1184,22
DA:1185,22
DA:1187,22
DA:1192,0
DA:1194,0
DA:1195,0
DA:1196,0
DA:1197,0
DA:1200,0
DA:1201,0
DA:1204,0
DA:1208,22
DA:1210,22
DA:1212,22
DA:1213,22
DA:1214,22
DA:1215,22
DA:1216,22
DA:1217,22
DA:1218,22
DA:1219,22
DA:1220,22
DA:1221,22
DA:1223,22
DA:1224,22
DA:1225,22
DA:1230,54
DA:1231,0
DA:1237,0
DA:1238,0
DA:1241,276
DA:1242,2
DA:1244,276
DA:1249,63
DA:1250,63
DA:1253,63
DA:1254,0
DA:1257,63
DA:1258,63
DA:1265,38
DA:1267,38
DA:1268,38
DA:1269,38
DA:1276,1
DA:1278,3
DA:1280,2
DA:1282,1
DA:1283,1
DA:1284,1
DA:1285,1
DA:1286,1
DA:1289,1
DA:1300,28
DA:1302,28
DA:1303,28
DA:1314,1
DA:1316,1
DA:1317,1
DA:1319,0
DA:1321,0
DA:1329,32
DA:1331,32
DA:1339,0
DA:1342,0
DA:1343,0
DA:1351,0
DA:1353,0
DA:1361,0
DA:1363,0
DA:1371,0
DA:1374,0
DA:1375,0
DA:1383,0
DA:1385,0
DA:1393,0
DA:1395,0
DA:1396,0
DA:1403,2
DA:1405,2
DA:1408,5
DA:1410,3
DA:1411,2
DA:1414,2
DA:1422,64
DA:1425,186
DA:1427,122
DA:1429,28
DA:1430,9
DA:1432,28
DA:1433,26
DA:1435,28
DA:1437,28
DA:1441,64
DA:1448,3
DA:1450,3
DA:1462,20
DA:1464,26
DA:1466,25
DA:1467,19
DA:1470,1
DA:1483,586
DA:1485,586
DA:1489,0
DA:1491,0
DA:1493,0
DA:1495,0
DA:1496,0
DA:1499,0
DA:1500,6
LF:644
LH:339
end_of_record
TN:
SF:/home/kbikeguy/soft_eng/tank-project/src/GameFieldDrawable.cpp
FN:15,_ZN17GameFieldDrawableC2Ev
FN:23,_ZN17GameFieldDrawable4drawEii
FN:57,_Z41__static_initialization_and_destruction_0ii
FN:57,_GLOBAL__sub_I_GameFieldDrawable.cpp
FNDA:0,_ZN17GameFieldDrawable4drawEii
FNDA:2,_GLOBAL__sub_I_GameFieldDrawable.cpp
FNDA:0,_ZN17GameFieldDrawableC2Ev
FNDA:2,_Z41__static_initialization_and_destruction_0ii
FNF:4
FNH:2
DA:15,0
DA:23,0
DA:25,0
DA:28,0
DA:29,0
DA:30,0
DA:31,0
DA:32,0
DA:33,0
DA:34,0
DA:35,0
DA:36,0
DA:37,0
DA:38,0
DA:39,0
DA:40,0
DA:41,0
DA:43,0
DA:44,0
DA:45,0
DA:46,0
DA:47,0
DA:48,0
DA:49,0
DA:50,0
DA:51,0
DA:52,0
DA:53,0
DA:54,0
DA:55,0
DA:56,0
DA:57,6
LF:32
LH:1
end_of_record
TN:
SF:/home/kbikeguy/soft_eng/tank-project/src/MapData.cpp
FN:9,_ZN7MapDataC2Ev
FN:18,_ZN7MapDataC2Eii
FN:26,_ZlsRSoRK7MapData
FN:118,_ZN7MapData8printMapESt6vectorIiSaIiEE
FN:129,_Z41__static_initialization_and_destruction_0ii
FN:129,_GLOBAL__sub_I_MapData.cpp
FNDA:17,_ZN7MapDataC2Eii
FNDA:0,_ZN7MapData8printMapESt6vectorIiSaIiEE
FNDA:73,_ZN7MapDataC2Ev
FNDA:2,_GLOBAL__sub_I_MapData.cpp
FNDA:2,_Z41__static_initialization_and_destruction_0ii
FNDA:0,_ZlsRSoRK7MapData
FNF:6
FNH:4
DA:9,73
DA:12,73
DA:18,17
DA:20,17
DA:21,17
DA:22,17
DA:23,17
DA:24,17
DA:26,0
DA:30,0
DA:31,0
DA:34,0
DA:36,0
DA:37,0
DA:39,0
DA:42,0
DA:43,0
DA:45,0
DA:46,0
DA:48,0
DA:51,0
DA:53,0
DA:54,0
DA:55,0
DA:57,0
DA:58,0
DA:60,0
DA:61,0
DA:63,0
DA:64,0
DA:67,0
DA:70,0
DA:72,0
DA:74,0
DA:75,0
DA:77,0
DA:78,0
DA:80,0
DA:81,0
DA:84,0
DA:87,0
DA:89,0
DA:91,0
DA:92,0
DA:94,0
DA:95,0
DA:98,0
DA:101,0
DA:102,0
DA:103,0
DA:105,0
DA:108,0
DA:118,0
DA:120,0
DA:122,0
DA:124,0
DA:125,0
DA:126,0
DA:129,6
LF:59
LH:9
end_of_record
TN:
SF:/home/kbikeguy/soft_eng/tank-project/src/MapData.h
FN:24,_ZN7MapDataC2ERKS_
FN:24,_ZN7MapDataD2Ev
FN:24,_ZN7MapDataaSERKS_
FNDA:434,_ZN7MapDataaSERKS_
FNDA:891,_ZN7MapDataD2Ev
FNDA:801,_ZN7MapDataC2ERKS_
FNF:3
FNH:3
DA:24,2126
LF:1
LH:1
end_of_record
TN:
SF:/home/kbikeguy/soft_eng/tank-project/src/Menu.cpp
FN:25,_ZN4MenuC2EiiiiNSt7__cxx1112basic_stringIcSt11char_traitsIcESaIcEEE9directionii
FN:80,_ZN4Menu4drawEii
FN:98,_Z8drawIconffjbi
FN:128,_Z8drawAmmoffjbi
FN:154,_Z8drawTankffjbi
FN:190,_ZN4Menu11drawTextBoxEff
FN:217,_ZN4Menu15drawPlayerStatsEv
FN:251,_Z14drawBitmapTextPcff
FN:269,_Z14drawBitmapTurniff
FN:285,_GLOBAL__sub_I_Menu.cpp
FN:285,_Z41__static_initialization_and_destruction_0ii
FNDA:2,_GLOBAL__sub_I_Menu.cpp
FNDA:0,_Z8drawTankffjbi
FNDA:0,_ZN4Menu4drawEii
FNDA:0,_ZN4Menu11drawTextBoxEff
FNDA:0,_ZN4Menu15drawPlayerStatsEv
FNDA:2,_Z41__static_initialization_and_destruction_0ii
FNDA:0,_Z14drawBitmapTextPcff
FNDA:0,_ZN4MenuC2EiiiiNSt7__cxx1112basic_stringIcSt11char_traitsIcESaIcEEE9directionii
FNDA:0,_Z8drawAmmoffjbi
FNDA:0,_Z8drawIconffjbi
FNDA:0,_Z14drawBitmapTurniff
FNF:11
FNH:2
DA:25,0
DA:27,0
DA:30,0
DA:32,0
DA:34,0
DA:36,0
DA:37,0
DA:39,0
DA:41,0
DA:42,0
DA:43,0
DA:44,0
DA:45,0
DA:46,0
DA:47,0
DA:48,0
DA:49,0
DA:51,0
DA:52,0
DA:53,0
DA:54,0
DA:55,0
DA:57,0
DA:58,0
DA:60,0
DA:62,0
DA:63,0
DA:64,0
DA:65,0
DA:66,0
DA:68,0
DA:69,0
DA:71,0
DA:80,0
DA:82,0
DA:83,0
DA:85,0
DA:87,0
DA:88,0
DA:98,0
DA:100,0
DA:101,0
DA:102,0
DA:103,0
DA:104,0
DA:106,0
DA:107,0
DA:108,0
DA:109,0
DA:110,0
DA:111,0
DA:112,0
DA:113,0
DA:114,0
DA:115,0
DA:116,0
DA:117,0
DA:118,0
DA:119,0
DA:120,0
DA:128,0
DA:130,0
DA:131,0
DA:132,0
DA:133,0
DA:134,0
DA:135,0
DA:136,0
DA:137,0
DA:138,0
DA:139,0
DA:140,0
DA:141,0
DA:142,0
DA:143,0
DA:144,0
DA:145,0
DA:146,0
DA:147,0
DA:154,0
DA:156,0
DA:157,0
DA:158,0
DA:159,0
DA:161,0
DA:162,0
DA:163,0
DA:164,0
DA:165,0
DA:166,0
DA:167,0
DA:168,0
DA:169,0
DA:170,0
DA:171,0
DA:172,0
DA:173,0
DA:174,0
DA:175,0
DA:176,0
DA:177,0
DA:178,0
DA:190,0
DA:192,0
DA:193,0
DA:194,0
DA:195,0
DA:196,0
DA:197,0
DA:198,0
DA:199,0
DA:200,0
DA:201,0
DA:202,0
DA:203,0
DA:204,0
DA:205,0
DA:206,0
DA:207,0
DA:208,0
DA:217,0
DA:220,0
DA:224,0
DA:227,0
DA:230,0
DA:231,0
DA:234,0
DA:235,0
DA:238,0
DA:239,0
DA:241,0
DA:242,0
DA:251,0
DA:253,0
DA:255,0
DA:256,0
DA:258,0
DA:259,0
DA:260,0
DA:261,0
DA:269,0
DA:271,0
DA:272,0
DA:273,0
DA:274,0
DA:275,0
DA:276,0
DA:277,0
DA:279,0
DA:280,0
DA:282,0
DA:283,0
DA:284,0
DA:285,6
LF:154
LH:1
end_of_record
TN:
SF:/home/kbikeguy/soft_eng/tank-project/src/Obstacles.cpp
FN:18,_ZN9ObstaclesC2Eiffii
FN:72,_ZN9Obstacles4drawEii
FN:125,_ZN9Obstacles6regrowEiSt6vectorI9ActorInfoSaIS1_EE
FN:160,_ZN9Obstacles13set_destroyedEi
FN:163,_GLOBAL__sub_I_Obstacles.cpp
FN:163,_Z41__static_initialization_and_destruction_0ii
FNDA:2,_GLOBAL__sub_I_Obstacles.cpp
FNDA:0,_ZN9Obstacles13set_destroyedEi
FNDA:2,_Z41__static_initialization_and_destruction_0ii
FNDA:0,_ZN9Obstacles4drawEii
FNDA:0,_ZN9Obstacles6regrowEiSt6vectorI9ActorInfoSaIS1_EE
FNDA:0,_ZN9ObstaclesC2Eiffii
FNF:6
FNH:2
DA:18,0
DA:26,0
DA:27,0
DA:28,0
DA:29,0
DA:31,0
DA:33,0
DA:34,0
DA:35,0
DA:37,0
DA:39,0
DA:40,0
DA:41,0
DA:43,0
DA:45,0
DA:46,0
DA:47,0
DA:49,0
DA:51,0
DA:52,0
DA:54,0
DA:56,0
DA:60,0
DA:61,0
DA:63,0
DA:72,0
DA:74,0
DA:75,0
DA:76,0
DA:78,0
DA:79,0
DA:80,0
DA:81,0
DA:83,0
DA:85,0
DA:87,0
DA:89,0
DA:91,0
DA:93,0
DA:95,0
DA:97,0
DA:99,0
DA:101,0
DA:104,0
DA:105,0
DA:106,0
DA:107,0
DA:108,0
DA:109,0
DA:110,0
DA:111,0
DA:112,0
DA:113,0
DA:115,0
DA:116,0
DA:117,0
DA:125,0
DA:126,0
DA:127,0
DA:128,0
DA:130,0
DA:132,0
DA:134,0
DA:136,0
DA:138,0
DA:140,0
DA:141,0
DA:143,0
DA:144,0
DA:146,0
DA:148,0
DA:150,0
DA:151,0
DA:160,0
DA:162,0
DA:163,6
LF:76
LH:1
end_of_record
TN:
SF:/home/kbikeguy/soft_eng/tank-project/src/PositionData.h
FN:21,_ZN12PositionDataD2Ev
FN:21,_ZN12PositionDataC2ERKS_
FN:30,_ZN12PositionDataC2Ev
FN:31,_ZN12PositionDataC2Eiiiiii
FNDA:577,_ZN12PositionDataC2ERKS_
FNDA:69,_ZN12PositionDataC2Ev
FNDA:17,_ZN12PositionDataC2Eiiiiii
FNDA:663,_ZN12PositionDataD2Ev
FNF:4
FNH:4
DA:21,1240
DA:30,69
DA:31,17
LF:3
LH:3
end_of_record
TN:
SF:/home/kbikeguy/soft_eng/tank-project/src/Projectile.cpp
FN:20,_ZN10ProjectileC2Eiff9directionbffb
FN:86,_ZN10Projectile4drawEii
FN:143,_Z41__static_initialization_and_destruction_0ii
FN:143,_GLOBAL__sub_I_Projectile.cpp
FNDA:0,_ZN10ProjectileC2Eiff9directionbffb
FNDA:0,_ZN10Projectile4drawEii
FNDA:2,_GLOBAL__sub_I_Projectile.cpp
FNDA:2,_Z41__static_initialization_and_destruction_0ii
FNF:4
FNH:2
DA:20,0
DA:21,0
DA:23,0
DA:24,0
DA:25,0
DA:26,0
DA:27,0
DA:28,0
DA:29,0
DA:32,0
DA:34,0
DA:35,0
DA:36,0
DA:38,0
DA:39,0
DA:40,0
DA:42,0
DA:43,0
DA:44,0
DA:46,0
DA:47,0
DA:48,0
DA:50,0
DA:51,0
DA:52,0
DA:54,0
DA:55,0
DA:56,0
DA:58,0
DA:59,0
DA:60,0
DA:62,0
DA:63,0
DA:64,0
DA:65,0
DA:68,0
DA:71,0
DA:72,0
DA:75,0
DA:76,0
DA:86,0
DA:88,0
DA:90,0
DA:91,0
DA:92,0
DA:93,0
DA:96,0
DA:97,0
DA:99,0
DA:101,0
DA:102,0
DA:103,0
DA:104,0
DA:105,0
DA:106,0
DA:107,0
DA:108,0
DA:109,0
DA:110,0
DA:111,0
DA:112,0
DA:113,0
DA:114,0
DA:115,0
DA:116,0
DA:118,0
DA:121,0
DA:122,0
DA:123,0
DA:124,0
DA:125,0
DA:126,0
DA:127,0
DA:128,0
DA:129,0
DA:130,0
DA:131,0
DA:132,0
DA:133,0
DA:134,0
DA:135,0
DA:136,0
DA:137,0
DA:138,0
DA:139,0
DA:140,0
DA:141,0
DA:143,6
LF:88
LH:1
end_of_record
TN:
SF:/home/kbikeguy/soft_eng/tank-project/src/ProjectileActor.cpp
FN:11,_ZN15ProjectileActorC2Ev
FN:24,_ZN15ProjectileActorC2E9direction
FN:35,_ZN15ProjectileActor4moveE7MapData12PositionData
FN:53,_ZN15ProjectileActor6attackE7MapData12PositionData
FN:68,_ZN15ProjectileActor12setAttributeEi10attributes
FN:79,_ZN15ProjectileActor7spendAPE7MapData12PositionData
FNDA:22,_ZN15ProjectileActorC2E9direction
FNDA:120,_ZN15ProjectileActor7spendAPE7MapData12PositionData
FNDA:120,_ZN15ProjectileActor4moveE7MapData12PositionData
FNDA:0,_ZN15ProjectileActorC2Ev
FNDA:0,_ZN15ProjectileActor12setAttributeEi10attributes
FNDA:0,_ZN15ProjectileActor6attackE7MapData12PositionData
FNF:6
FNH:3
DA:11,0
DA:14,0
DA:24,22
DA:27,22
DA:35,120
DA:37,120
DA:53,0
DA:55,0
DA:68,0
DA:70,0
DA:71,0
DA:79,120
DA:81,120
LF:13
LH:6
end_of_record
TN:
SF:/home/kbikeguy/soft_eng/tank-project/src/ProjectileActor.h
FN:16,_ZN15ProjectileActorD2Ev
FN:16,_ZN15ProjectileActorD0Ev
FNDA:22,_ZN15ProjectileActorD2Ev
FNDA:22,_ZN15ProjectileActorD0Ev
FNF:2
FNH:2
DA:16,44
LF:1
LH:1
end_of_record
TN:
SF:/home/kbikeguy/soft_eng/tank-project/src/SimpleAI.cpp
FN:4,_ZN8SimpleAIC2Ev
FN:5,_ZN8SimpleAID0Ev
FN:5,_ZN8SimpleAID2Ev
FN:15,_ZN8SimpleAI4moveE7MapData12PositionData
FN:138,_ZN8SimpleAI6attackE7MapData12PositionData
FN:179,_ZN8SimpleAI12setAttributeEi10attributes
FN:200,_ZN8SimpleAI8calcDistEiiii
FN:205,_ZN8SimpleAI7spendAPE7MapData12PositionData
FN:238,maker
FN:242,_GLOBAL__sub_I_SimpleAI.cpp
FN:242,_Z41__static_initialization_and_destruction_0ii
FNDA:0,_ZN8SimpleAI4moveE7MapData12PositionData
FNDA:1,_Z41__static_initialization_and_destruction_0ii
FNDA:1,_GLOBAL__sub_I_SimpleAI.cpp
FNDA:1,_ZN8SimpleAIC2Ev
FNDA:0,_ZN8SimpleAID0Ev
FNDA:1,maker
FNDA:0,_ZN8SimpleAI6attackE7MapData12PositionData
FNDA:0,_ZN8SimpleAI12setAttributeEi10attributes
FNDA:0,_ZN8SimpleAI8calcDistEiiii
FNDA:0,_ZN8SimpleAID2Ev
FNDA:0,_ZN8SimpleAI7spendAPE7MapData12PositionData
FNF:11
FNH:4
DA:4,1
DA:5,0
DA:15,0
DA:18,0
DA:19,0
DA:20,0
DA:21,0
DA:22,0
DA:25,0
DA:37,0
DA:39,0
DA:42,0
DA:43,0
DA:44,0
DA:45,0
DA:47,0
DA:49,0
DA:51,0
DA:53,0
DA:54,0
DA:55,0
DA:56,0
DA:59,0
DA:64,0
DA:65,0
DA:66,0
DA:67,0
DA:70,0
DA:76,0
DA:78,0
DA:79,0
DA:80,0
DA:81,0
DA:84,0
DA:88,0
DA:89,0
DA:90,0
DA:91,0
DA:94,0
DA:103,0
DA:104,0
DA:106,0
DA:107,0
DA:109,0
DA:110,0
DA:112,0
DA:113,0
DA:115,0
DA:116,0
DA:118,0
DA:119,0
DA:121,0
DA:122,0
DA:124,0
DA:125,0
DA:127,0
DA:138,0
DA:141,0
DA:142,0
DA:145,0
DA:146,0
DA:148,0
DA:149,0
DA:150,0
DA:151,0
DA:152,0
DA:153,0
DA:155,0
DA:157,0
DA:158,0
DA:160,0
DA:161,0
DA:163,0
DA:164,0
DA:167,0
DA:169,0
DA:179,0
DA:181,0
DA:183,0
DA:185,0
DA:187,0
DA:200,0
DA:202,0
DA:205,0
DA:207,0
DA:209,0
DA:210,0
DA:212,0
DA:223,0
DA:224,0
DA:226,0
DA:227,0
DA:229,0
DA:230,0
DA:232,0
DA:238,1
DA:240,1
DA:242,3
LF:98
LH:4
end_of_record
TN:
SF:/home/kbikeguy/soft_eng/tank-project/src/SimpleActor.cpp
FN:11,_ZN11SimpleActor4moveE7MapData12PositionData
FN:24,_ZN11SimpleActor6attackE7MapData12PositionData
FN:34,_ZN11SimpleActorC2Ev
FN:44,_ZN11SimpleActorC2E9directionS0_
FN:55,_ZN11SimpleActor9setAttackE9direction
FN:67,_ZN11SimpleActor7setMoveE9direction
FN:79,_ZN11SimpleActor12setAttributeEi10attributes
FN:93,_ZN11SimpleActor7spendAPE7MapData12PositionData
FN:101,maker
FN:105,_Z41__static_initialization_and_destruction_0ii
FN:105,_GLOBAL__sub_I_SimpleActor.cpp
FNDA:1,_ZN11SimpleActor4moveE7MapData12PositionData
FNDA:1,maker
FNDA:0,_ZN11SimpleActor7setMoveE9direction
FNDA:0,_ZN11SimpleActor7spendAPE7MapData12PositionData
FNDA:1,_Z41__static_initialization_and_destruction_0ii
FNDA:1,_GLOBAL__sub_I_SimpleActor.cpp
FNDA:0,_ZN11SimpleActor9setAttackE9direction
FNDA:0,_ZN11SimpleActorC2E9directionS0_
FNDA:0,_ZN11SimpleActor12setAttributeEi10attributes
FNDA:0,_ZN11SimpleActor6attackE7MapData12PositionData
FNDA:1,_ZN11SimpleActorC2Ev
FNF:11
FNH:5
DA:11,1
DA:13,1
DA:24,0
DA:26,0
DA:34,1
DA:44,0
DA:55,0
DA:57,0
DA:58,0
DA:67,0
DA:69,0
DA:70,0
DA:79,0
DA:81,0
DA:82,0
DA:83,0
DA:85,0
DA:86,0
DA:87,0
DA:88,0
DA:90,0
DA:93,0
DA:95,0
DA:101,1
DA:103,1
DA:105,3
LF:26
LH:6
end_of_record
TN:
SF:/home/kbikeguy/soft_eng/tank-project/src/SimpleActor.h
FN:14,_ZN11SimpleActorD2Ev
FN:14,_ZN11SimpleActorD0Ev
FNDA:0,_ZN11SimpleActorD2Ev
FNDA:0,_ZN11SimpleActorD0Ev
FNF:2
FNH:0
DA:14,0
LF:1
LH:0
end_of_record
TN:
SF:/home/kbikeguy/soft_eng/tank-project/src/TankDrawable.cpp
FN:20,_ZN12TankDrawableC2Eiff9directioniiffb
FN:100,_ZN12TankDrawable4drawEii
FN:240,_ZN12TankDrawable9setHealthEi
FN:249,_ZN12TankDrawable13setMax_healthEi
FN:252,_GLOBAL__sub_I_TankDrawable.cpp
FN:252,_Z41__static_initialization_and_destruction_0ii
FNDA:2,_Z41__static_initialization_and_destruction_0ii
FNDA:0,_ZN12TankDrawableC2Eiff9directioniiffb
FNDA:2,_GLOBAL__sub_I_TankDrawable.cpp
FNDA:0,_ZN12TankDrawable13setMax_healthEi
FNDA:0,_ZN12TankDrawable4drawEii
FNDA:0,_ZN12TankDrawable9setHealthEi
FNF:6
FNH:2
DA:20,0
DA:22,0
DA:24,0
DA:25,0
DA:26,0
DA:27,0
DA:28,0
DA:29,0
DA:30,0
DA:31,0
DA:38,0
DA:39,0
DA:41,0
DA:43,0
DA:45,0
DA:46,0
DA:48,0
DA:50,0
DA:51,0
DA:53,0
DA:54,0
DA:56,0
DA:57,0
DA:59,0
DA:60,0
DA:62,0
DA:63,0
DA:65,0
DA:66,0
DA:68,0
DA:69,0
DA:71,0
DA:72,0
DA:74,0
DA:75,0
DA:77,0
DA:79,0
DA:80,0
DA:82,0
DA:84,0
DA:85,0
DA:86,0
DA:89,0
DA:90,0
DA:91,0
DA:100,0
DA:102,0
DA:103,0
DA:104,0
DA:106,0
DA:107,0
DA:108,0
DA:109,0
DA:110,0
DA:111,0
DA:113,0
DA:114,0
DA:116,0
DA:117,0
DA:118,0
DA:119,0
DA:120,0
DA:121,0
DA:122,0
DA:123,0
DA:124,0
DA:125,0
DA:127,0
DA:128,0
DA:129,0
DA:130,0
DA:131,0
DA:132,0
DA:134,0
DA:135,0
DA:136,0
DA:137,0
DA:138,0
DA:139,0
DA:140,0
DA:141,0
DA:142,0
DA:143,0
DA:144,0
DA:146,0
DA:147,0
DA:148,0
DA:149,0
DA:150,0
DA:151,0
DA:152,0
DA:153,0
DA:154,0
DA:155,0
DA:156,0
DA:159,0
DA:160,0
DA:161,0
DA:162,0
DA:163,0
DA:164,0
DA:165,0
DA:166,0
DA:167,0
DA:168,0
DA:169,0
DA:170,0
DA:172,0
DA:173,0
DA:174,0
DA:175,0
DA:176,0
DA:177,0
DA:178,0
DA:179,0
DA:180,0
DA:181,0
DA:182,0
DA:186,0
DA:187,0
DA:188,0
DA:189,0
DA:190,0
DA:191,0
DA:195,0
DA:196,0
DA:197,0
DA:198,0
DA:199,0
DA:200,0
DA:201,0
DA:202,0
DA:203,0
DA:204,0
DA:207,0
DA:208,0
DA:209,0
DA:210,0
DA:211,0
DA:212,0
DA:213,0
DA:214,0
DA:215,0
DA:216,0
DA:219,0
DA:220,0
DA:221,0
DA:222,0
DA:223,0
DA:224,0
DA:225,0
DA:226,0
DA:227,0
DA:228,0
DA:232,0
DA:233,0
DA:234,0
DA:240,0
DA:242,0
DA:243,0
DA:249,0
DA:251,0
DA:252,6
LF:163
LH:1
end_of_record
TN:
SF:/home/kbikeguy/soft_eng/tank-project/src/Texture.cpp
FN:81,_Z16loadTextureArraySt6vectorINSt7__cxx1112basic_stringIcSt11char_traitsIcESaIcEEESaIS5_EEPji
FN:108,_Z14LoadGLTexturesSt6vectorINSt7__cxx1112basic_stringIcSt11char_traitsIcESaIcEEESaIS5_EES7_S7_S7_S7_S7_
FN:146,_Z41__static_initialization_and_destruction_0ii
FN:146,_GLOBAL__sub_I_Texture.cpp
FNDA:0,_Z16loadTextureArraySt6vectorINSt7__cxx1112basic_stringIcSt11char_traitsIcESaIcEEESaIS5_EEPji
FNDA:0,_Z14LoadGLTexturesSt6vectorINSt7__cxx1112basic_stringIcSt11char_traitsIcESaIcEEESaIS5_EES7_S7_S7_S7_S7_
FNDA:2,_Z41__static_initialization_and_destruction_0ii
FNDA:2,_GLOBAL__sub_I_Texture.cpp
FNF:4
FNH:2
DA:19,10
DA:22,8
DA:23,8
DA:25,6
DA:26,34
DA:41,32
DA:42,14
DA:47,12
DA:48,20
DA:56,18
DA:81,0
DA:84,0
DA:86,0
DA:88,0
DA:92,0
DA:93,0
DA:95,0
DA:98,0
DA:108,0
DA:113,0
DA:116,0
DA:119,0
DA:122,0
DA:125,0
DA:128,0
DA:131,0
DA:134,0
DA:137,0
DA:140,0
DA:142,0
DA:145,0
DA:146,6
LF:32
LH:11
end_of_record
TN:
SF:/home/kbikeguy/soft_eng/tank-project/src/attributes.h
FN:21,_ZN10attributesC2Eiiiiiii
FNDA:238,_ZN10attributesC2Eiiiiiii
FNF:1
FNH:1
DA:21,238
DA:22,238
DA:23,238
DA:24,238
DA:25,238
DA:26,238
DA:27,238
DA:28,238
DA:29,238
DA:30,238
LF:10
LH:10
end_of_record
TN:
SF:/home/kbikeguy/soft_eng/tank-project/src/callbacks.cpp
FN:9,_Z7actualYi
FN:18,_Z7displayv
FN:30,_Z7reshapeii
FN:47,_Z8ticktocki
FN:55,_Z7onClosev
FN:67,_Z8keyboardhii
FN:70,_GLOBAL__sub_I_callbacks.cpp
FN:70,_Z41__static_initialization_and_destruction_0ii
FNDA:0,_Z7displayv
FNDA:2,_GLOBAL__sub_I_callbacks.cpp
FNDA:0,_Z8keyboardhii
FNDA:0,_Z7actualYi
FNDA:0,_Z7onClosev
FNDA:0,_Z7reshapeii
FNDA:0,_Z8ticktocki
FNDA:2,_Z41__static_initialization_and_destruction_0ii
FNF:8
FNH:2
DA:9,0
DA:11,0
DA:18,0
DA:20,0
DA:21,0
DA:30,0
DA:32,0
DA:34,0
DA:36,0
DA:38,0
DA:39,0
DA:47,0
DA:50,0
DA:52,0
DA:53,0
DA:55,0
DA:57,0
DA:58,0
DA:67,0
DA:69,0
DA:70,6
LF:21
LH:1
end_of_record
TN:
SF:/home/kbikeguy/soft_eng/tank-project/src/event.cpp
FN:16,_ZN5EventD2Ev
FN:16,_ZN5EventD0Ev
FN:25,_ZN9InitEventC2Eii
FN:36,_ZN9InitEvent8doActionER4Game
FN:51,_Z15updateDrawablesR4Game
FN:123,_ZN12DisplayEvent8doActionER4Game
FN:193,_ZN12ReshapeEventC2Eii
FN:204,_ZN12ReshapeEvent8doActionER4Game
FN:222,_ZN10TimerEventC2ERi
FN:239,_ZN10TimerEvent8doActionER4Game
FN:250,_ZN10CloseEventC2Ev
FN:261,_ZN10CloseEvent8doActionER4Game
FN:273,_ZN13KeyboardEventC2Ehii
FN:276,_ZN13KeyboardEvent8doActionER4Game
FN:286,_GLOBAL__sub_I_event.cpp
FN:286,_Z41__static_initialization_and_destruction_0ii
FNDA:0,_Z15updateDrawablesR4Game
FNDA:2,_Z41__static_initialization_and_destruction_0ii
FNDA:0,_ZN13KeyboardEvent8doActionER4Game
FNDA:0,_ZN5EventD0Ev
FNDA:0,_ZN9InitEventC2Eii
FNDA:0,_ZN10CloseEventC2Ev
FNDA:0,_ZN5EventD2Ev
FNDA:0,_ZN10TimerEvent8doActionER4Game
FNDA:0,_ZN12ReshapeEvent8doActionER4Game
FNDA:0,_ZN9InitEvent8doActionER4Game
FNDA:0,_ZN13KeyboardEventC2Ehii
FNDA:0,_ZN12DisplayEvent8doActionER4Game
FNDA:0,_ZN10CloseEvent8doActionER4Game
FNDA:0,_ZN10TimerEventC2ERi
FNDA:2,_GLOBAL__sub_I_event.cpp
FNDA:0,_ZN12ReshapeEventC2Eii
FNF:16
FNH:2
DA:16,0
DA:25,0
DA:36,0
DA:38,0
DA:39,0
DA:40,0
DA:51,0
DA:53,0
DA:54,0
DA:55,0
DA:56,0
DA:58,0
DA:59,0
DA:61,0
DA:62,0
DA:64,0
DA:66,0
DA:70,0
DA:71,0
DA:72,0
DA:74,0
DA:76,0
DA:77,0
DA:79,0
DA:82,0
DA:85,0
DA:86,0
DA:87,0
DA:89,0
DA:90,0
DA:93,0
DA:95,0
DA:96,0
DA:97,0
DA:98,0
DA:100,0
DA:104,0
DA:107,0
DA:108,0
DA:110,0
DA:112,0
DA:123,0
DA:125,0
DA:126,0
DA:129,0
DA:131,0
DA:132,0
DA:134,0
DA:136,0
DA:139,0
DA:141,0
DA:144,0
DA:146,0
DA:147,0
DA:150,0
DA:152,0
DA:155,0
DA:157,0
DA:158,0
DA:161,0
DA:163,0
DA:164,0
DA:166,0
DA:168,0
DA:171,0
DA:173,0
DA:175,0
DA:176,0
DA:178,0
DA:179,0
DA:181,0
DA:184,0
DA:193,0
DA:204,0
DA:206,0
DA:207,0
DA:208,0
DA:209,0
DA:210,0
DA:211,0
DA:212,0
DA:213,0
DA:222,0
DA:224,0
DA:225,0
DA:226,0
DA:227,0
DA:239,0
DA:241,0
DA:242,0
DA:243,0
DA:244,0
DA:250,0
DA:261,0
DA:263,0
DA:264,0
DA:273,0
DA:274,0
DA:276,0
DA:278,0
DA:280,0
DA:282,0
DA:284,0
DA:286,6
LF:104
LH:1
end_of_record
TN:
SF:/home/kbikeguy/soft_eng/tank-project/src/event.h
FN:20,_ZN5EventC2Ev
FN:33,_ZN9InitEventD2Ev
FN:33,_ZN9InitEventD0Ev
FN:49,_ZN12DisplayEventD2Ev
FN:49,_ZN12DisplayEventD0Ev
FN:49,_ZN12DisplayEventC2Ev
FN:62,_ZN12ReshapeEventD0Ev
FN:62,_ZN12ReshapeEventD2Ev
FN:79,_ZN10TimerEventD0Ev
FN:79,_ZN10TimerEventD2Ev
FN:96,_ZN10CloseEventD2Ev
FN:96,_ZN10CloseEventD0Ev
FN:109,_ZN13KeyboardEventD2Ev
FN:109,_ZN13KeyboardEventD0Ev
FNDA:0,_ZN13KeyboardEventD0Ev
FNDA:0,_ZN10TimerEventD0Ev
FNDA:0,_ZN5EventC2Ev
FNDA:0,_ZN10TimerEventD2Ev
FNDA:0,_ZN12DisplayEventD0Ev
FNDA:0,_ZN12DisplayEventC2Ev
FNDA:0,_ZN10CloseEventD0Ev
FNDA:0,_ZN12DisplayEventD2Ev
FNDA:0,_ZN10CloseEventD2Ev
FNDA:0,_ZN12ReshapeEventD2Ev
FNDA:0,_ZN9InitEventD0Ev
FNDA:0,_ZN13KeyboardEventD2Ev
FNDA:0,_ZN12ReshapeEventD0Ev
FNDA:0,_ZN9InitEventD2Ev
FNF:14
FNH:0
DA:20,0
DA:33,0
DA:49,0
DA:62,0
DA:79,0
DA:96,0
DA:109,0
LF:7
LH:0
end_of_record
TN:
SF:/home/kbikeguy/soft_eng/tank-project/src/game.cpp
FN:22,_ZN4GameC2Ev
FN:36,_ZN4GameC2E8gameMode
FN:49,_ZN4GameD2Ev
FN:66,_ZN4Game20convertGLXCoordinateEi
FN:91,_ZN4Game20convertGLYCoordinateEi
FN:115,_ZL10isplayableRKSt6vectorI9ActorInfoSaIS0_EE
FN:137,_ZN4Game8gameOverESt6vectorI9ActorInfoSaIS1_EES3_
FN:424,_ZN4Game11executeTurnEv
FN:492,_Z14displayWrapper7MapDataSt6vectorI9ActorInfoSaIS1_EEi
FN:505,_ZN4Game13initGameStateEv
FN:794,_ZN4Game12createConfigEv
FN:825,_ZN4Game9closeDownEv
FN:837,_ZN4Game8earlyOutEv
FN:843,_ZN4Game19addGenericObstaclesEP9GameFieldSt6vectorISt4pairIiiESaIS4_EES6_P9Obstacles
FN:866,_ZN4Game9addCratesEP9GameFieldSt6vectorISt4pairIiiESaIS4_EES6_P8Drawable
FN:889,_ZN4Game8addTreesEP9GameFieldSt6vectorISt4pairIiiESaIS4_EEP9Obstacles
FN:903,_ZN4Game8addRocksEP9GameFieldSt6vectorISt4pairIiiESaIS4_EES6_P9Obstacles
FN:927,_ZN4Game9addBushesEP9GameFieldSt6vectorISt4pairIiiESaIS4_EEP9Obstacles
FN:940,_ZN4Game8addWaterEP9GameFieldSt6vectorISt4pairIiiESaIS4_EES6_P8Drawable
FN:960,_Z41__static_initialization_and_destruction_0ii
FN:960,_GLOBAL__sub_I_game.cpp
FNDA:0,_ZN4Game20convertGLYCoordinateEi
FNDA:0,_ZN4Game19addGenericObstaclesEP9GameFieldSt6vectorISt4pairIiiESaIS4_EES6_P9Obstacles
FNDA:0,_Z14displayWrapper7MapDataSt6vectorI9ActorInfoSaIS1_EEi
FNDA:0,_ZN4GameC2Ev
FNDA:0,_ZN4Game20convertGLXCoordinateEi
FNDA:0,_ZN4GameD2Ev
FNDA:2,_Z41__static_initialization_and_destruction_0ii
FNDA:0,_ZN4Game8addWaterEP9GameFieldSt6vectorISt4pairIiiESaIS4_EES6_P8Drawable
FNDA:0,_ZN4Game8gameOverESt6vectorI9ActorInfoSaIS1_EES3_
FNDA:0,_ZN4Game8addRocksEP9GameFieldSt6vectorISt4pairIiiESaIS4_EES6_P9Obstacles
FNDA:2,_GLOBAL__sub_I_game.cpp
FNDA:0,_ZN4Game8addTreesEP9GameFieldSt6vectorISt4pairIiiESaIS4_EEP9Obstacles
FNDA:0,_ZN4Game11executeTurnEv
FNDA:0,_ZN4Game9addBushesEP9GameFieldSt6vectorISt4pairIiiESaIS4_EEP9Obstacles
FNDA:0,_ZN4Game12createConfigEv
FNDA:0,_ZN4GameC2E8gameMode
FNDA:0,_ZN4Game13initGameStateEv
FNDA:0,_ZN4Game9closeDownEv
FNDA:0,_ZL10isplayableRKSt6vectorI9ActorInfoSaIS0_EE
FNDA:0,_ZN4Game9addCratesEP9GameFieldSt6vectorISt4pairIiiESaIS4_EES6_P8Drawable
FNDA:0,_ZN4Game8earlyOutEv
FNF:21
FNH:2
DA:22,0
DA:25,0
DA:36,0
DA:38,0
DA:39,0
DA:40,0
DA:49,0
DA:51,0
DA:52,0
DA:53,0
DA:66,0
DA:73,0
DA:74,0
DA:77,0
DA:91,0
DA:97,0
DA:98,0
DA:101,0
DA:115,0
DA:117,0
DA:120,0
DA:121,0
DA:124,0
DA:137,0
DA:144,0
DA:146,0
DA:147,0
DA:149,0
DA:151,0
DA:152,0
DA:154,0
DA:157,0
DA:158,0
DA:159,0
DA:161,0
DA:162,0
DA:163,0
DA:164,0
DA:165,0
DA:166,0
DA:167,0
DA:168,0
DA:169,0
DA:170,0
DA:171,0
DA:172,0
DA:173,0
DA:174,0
DA:176,0
DA:179,0
DA:180,0
DA:181,0
DA:184,0
DA:186,0
DA:187,0
DA:188,0
DA:190,0
DA:192,0
DA:193,0
DA:195,0
DA:197,0
DA:198,0
DA:201,0
DA:203,0
DA:204,0
DA:209,0
DA:210,0
DA:215,0
DA:216,0
DA:219,0
DA:220,0
DA:222,0
DA:224,0
DA:225,0
DA:229,0
DA:230,0
DA:232,0
DA:234,0
DA:235,0
DA:239,0
DA:240,0
DA:242,0
DA:244,0
DA:245,0
DA:249,0
DA:250,0
DA:252,0
DA:254,0
DA:255,0
DA:259,0
DA:260,0
DA:263,0
DA:265,0
DA:266,0
DA:267,0
DA:268,0
DA:270,0
DA:271,0
DA:274,0
DA:275,0
DA:276,0
DA:277,0
DA:278,0
DA:279,0
DA:281,0
DA:284,0
DA:286,0
DA:287,0
DA:289,0
DA:290,0
DA:291,0
DA:293,0
DA:294,0
DA:295,0
DA:300,0
DA:301,0
DA:302,0
DA:306,0
DA:309,0
DA:311,0
DA:312,0
DA:316,0
DA:317,0
DA:319,0
DA:321,0
DA:322,0
DA:326,0
DA:327,0
DA:329,0
DA:331,0
DA:332,0
DA:336,0
DA:337,0
DA:339,0
DA:341,0
DA:342,0
DA:346,0
DA:347,0
DA:349,0
DA:350,0
DA:351,0
DA:352,0
DA:354,0
DA:355,0
DA:357,0
DA:358,0
DA:359,0
DA:360,0
DA:361,0
DA:362,0
DA:368,0
DA:369,0
DA:370,0
DA:371,0
DA:374,0
DA:376,0
DA:377,0
DA:381,0
DA:382,0
DA:385,0
DA:387,0
DA:388,0
DA:389,0
DA:390,0
DA:392,0
DA:393,0
DA:395,0
DA:396,0
DA:397,0
DA:398,0
DA:399,0
DA:400,0
DA:405,0
DA:407,0
DA:409,0
DA:410,0
DA:413,0
DA:414,0
DA:424,0
DA:426,0
DA:429,0
DA:430,0
DA:431,0
DA:432,0
DA:435,0
DA:436,0
DA:437,0
DA:440,0
DA:443,0
DA:445,0
DA:447,0
DA:448,0
DA:449,0
DA:452,0
DA:453,0
DA:457,0
DA:458,0
DA:459,0
DA:461,0
DA:462,0
DA:463,0
DA:464,0
DA:466,0
DA:467,0
DA:470,0
DA:471,0
DA:475,0
DA:476,0
DA:477,0
DA:479,0
DA:492,0
DA:494,0
DA:495,0
DA:505,0
DA:507,0
DA:508,0
DA:510,0
DA:512,0
DA:515,0
DA:517,0
DA:518,0
DA:520,0
DA:522,0
DA:523,0
DA:524,0
DA:526,0
DA:529,0
DA:530,0
DA:533,0
DA:534,0
DA:536,0
DA:537,0
DA:540,0
DA:541,0
DA:543,0
DA:546,0
DA:549,0
DA:551,0
DA:552,0
DA:554,0
DA:556,0
DA:557,0
DA:559,0
DA:561,0
DA:563,0
DA:565,0
DA:567,0
DA:569,0
DA:570,0
DA:573,0
DA:575,0
DA:576,0
DA:579,0
DA:580,0
DA:581,0
DA:583,0
DA:585,0
DA:588,0
DA:590,0
DA:592,0
DA:593,0
DA:595,0
DA:596,0
DA:600,0
DA:602,0
DA:604,0
DA:605,0
DA:607,0
DA:609,0
DA:610,0
DA:612,0
DA:614,0
DA:615,0
DA:617,0
DA:619,0
DA:620,0
DA:622,0
DA:624,0
DA:625,0
DA:627,0
DA:630,0
DA:632,0
DA:633,0
DA:634,0
DA:641,0
DA:642,0
DA:643,0
DA:648,0
DA:649,0
DA:650,0
DA:654,0
DA:655,0
DA:660,0
DA:662,0
DA:664,0
DA:665,0
DA:667,0
DA:668,0
DA:670,0
DA:671,0
DA:674,0
DA:676,0
DA:678,0
DA:679,0
DA:681,0
DA:682,0
DA:685,0
DA:687,0
DA:689,0
DA:690,0
DA:692,0
DA:693,0
DA:696,0
DA:698,0
DA:700,0
DA:701,0
DA:703,0
DA:704,0
DA:708,0
DA:710,0
DA:711,0
DA:713,0
DA:718,0
DA:722,0
DA:728,0
DA:729,0
DA:731,0
DA:732,0
DA:734,0
DA:736,0
DA:738,0
DA:739,0
DA:741,0
DA:743,0
DA:745,0
DA:746,0
DA:747,0
DA:749,0
DA:750,0
DA:751,0
DA:752,0
DA:756,0
DA:757,0
DA:759,0
DA:760,0
DA:761,0
DA:762,0
DA:763,0
DA:764,0
DA:766,0
DA:769,0
DA:770,0
DA:771,0
DA:772,0
DA:773,0
DA:774,0
DA:777,0
DA:779,0
DA:780,0
DA:781,0
DA:782,0
DA:783,0
DA:785,0
DA:794,0
DA:796,0
DA:798,0
DA:799,0
DA:801,0
DA:803,0
DA:805,0
DA:806,0
DA:809,0
DA:811,0
DA:813,0
DA:815,0
DA:816,0
DA:825,0
DA:827,0
DA:828,0
DA:837,0
DA:839,0
DA:840,0
DA:843,0
DA:847,0
DA:848,0
DA:851,0
DA:852,0
DA:853,0
DA:854,0
DA:856,0
DA:858,0
DA:859,0
DA:860,0
DA:861,0
DA:864,0
DA:866,0
DA:869,0
DA:870,0
DA:872,0
DA:874,0
DA:875,0
DA:876,0
DA:878,0
DA:880,0
DA:881,0
DA:882,0
DA:883,0
DA:887,0
DA:889,0
DA:892,0
DA:894,0
DA:895,0
DA:896,0
DA:897,0
DA:899,0
DA:903,0
DA:906,0
DA:907,0
DA:909,0
DA:911,0
DA:912,0
DA:913,0
DA:915,0
DA:917,0
DA:918,0
DA:919,0
DA:920,0
DA:923,0
DA:927,0
DA:930,0
DA:932,0
DA:933,0
DA:934,0
DA:935,0
DA:937,0
DA:940,0
DA:943,0
DA:944,0
DA:946,0
DA:948,0
DA:949,0
DA:950,0
DA:952,0
DA:954,0
DA:955,0
DA:956,0
DA:957,0
DA:960,6
LF:448
LH:1
end_of_record
TN:
SF:/home/kbikeguy/soft_eng/tank-project/src/game.h
FN:65,_ZN4Game4getXEv
FN:69,_ZN4Game4getYEv
FN:74,_ZN4Game10getAISpeedEv
FN:78,_ZN4Game11getAniSpeedEv
FN:82,_ZN4Game15getbullet_speedEv
FN:86,_ZN4Game13gettank_speedEv
FNDA:0,_ZN4Game4getYEv
FNDA:0,_ZN4Game10getAISpeedEv
FNDA:0,_ZN4Game4getXEv
FNDA:0,_ZN4Game11getAniSpeedEv
FNDA:0,_ZN4Game15getbullet_speedEv
FNDA:0,_ZN4Game13gettank_speedEv
FNF:6
FNH:0
DA:65,0
DA:67,0
DA:69,0
DA:71,0
DA:74,0
DA:76,0
DA:78,0
DA:80,0
DA:82,0
DA:84,0
DA:86,0
DA:88,0
LF:12
LH:0
end_of_record
TN:
SF:/home/kbikeguy/soft_eng/tank-project/src/main.cpp
FN:54,main
FN:97,_Z41__static_initialization_and_destruction_0ii
FN:97,_GLOBAL__sub_I_main.cpp
FNDA:0,_Z41__static_initialization_and_destruction_0ii
FNDA:0,_GLOBAL__sub_I_main.cpp
FNDA:0,main
FNF:3
FNH:0
DA:54,0
DA:56,0
DA:57,0
DA:58,0
DA:60,0
DA:61,0
DA:62,0
DA:65,0
DA:68,0
DA:70,0
DA:71,0
DA:72,0
DA:75,0
DA:77,0
DA:78,0
DA:81,0
DA:83,0
DA:84,0
DA:86,0
DA:89,0
DA:92,0
DA:94,0
DA:96,0
DA:97,0
LF:24
LH:0
end_of_record
TN:
SF:/home/kbikeguy/soft_eng/tank-project/src/sfxDrawable.cpp
FN:20,_ZN11sfxDrawableC2Eff
FN:34,_ZN11sfxDrawable4drawEii
FN:60,_GLOBAL__sub_I_sfxDrawable.cpp
FN:60,_Z41__static_initialization_and_destruction_0ii
FNDA:0,_ZN11sfxDrawableC2Eff
FNDA:0,_ZN11sfxDrawable4drawEii
FNDA:2,_GLOBAL__sub_I_sfxDrawable.cpp
FNDA:2,_Z41__static_initialization_and_destruction_0ii
FNF:4
FNH:2
DA:20,0
DA:22,0
DA:23,0
DA:25,0
DA:26,0
DA:34,0
DA:36,0
DA:37,0
DA:38,0
DA:40,0
DA:41,0
DA:42,0
DA:43,0
DA:44,0
DA:45,0
DA:47,0
DA:48,0
DA:49,0
DA:50,0
DA:51,0
DA:52,0
DA:53,0
DA:54,0
DA:55,0
DA:56,0
DA:58,0
DA:59,0
DA:60,6
LF:28
LH:1
end_of_record
TN:
SF:/home/kbikeguy/soft_eng/tank-project/src/util.cpp
FN:14,_Z14utilityCentral8gameModeP5Event
FN:43,_Z10initOpenGLiPPcii8gameMode
FN:82,_Z41__static_initialization_and_destruction_0ii
FN:82,_GLOBAL__sub_I_util.cpp
FNDA:0,_Z14utilityCentral8gameModeP5Event
FNDA:2,_GLOBAL__sub_I_util.cpp
FNDA:2,_Z41__static_initialization_and_destruction_0ii
FNDA:0,_Z10initOpenGLiPPcii8gameMode
FNF:4
FNH:2
DA:14,0
DA:17,0
DA:19,0
DA:20,0
DA:22,0
DA:24,0
DA:26,0
DA:28,0
DA:29,0
DA:43,0
DA:45,0
DA:47,0
DA:49,0
DA:51,0
DA:53,0
DA:55,0
DA:57,0
DA:59,0
DA:61,0
DA:63,0
DA:65,0
DA:67,0
DA:69,0
DA:71,0
DA:73,0
DA:75,0
DA:77,0
DA:79,0
DA:81,0
DA:82,6
LF:30
LH:1
end_of_record
TN:
SF:/home/kbikeguy/soft_eng/tank-project/tests/functional_tests/movement_tests.cpp
FN:28,_ZL29____C_A_T_C_H____T_E_S_T____0v
FN:131,_ZL30____C_A_T_C_H____T_E_S_T____11v
FN:217,_ZL30____C_A_T_C_H____T_E_S_T____22v
FN:249,_GLOBAL__sub_I_movement_tests.cpp
FN:249,_Z41__static_initialization_and_destruction_0ii
FNDA:1,_GLOBAL__sub_I_movement_tests.cpp
FNDA:4,_ZL29____C_A_T_C_H____T_E_S_T____0v
FNDA:1,_ZL30____C_A_T_C_H____T_E_S_T____22v
FNDA:4,_ZL30____C_A_T_C_H____T_E_S_T____11v
FNDA:1,_Z41__static_initialization_and_destruction_0ii
FNF:5
FNH:5
DA:28,5
DA:30,8
DA:33,4
DA:34,4
DA:35,4
DA:36,4
DA:37,4
DA:38,4
DA:39,4
DA:40,4
DA:43,8
DA:46,8
DA:52,8
DA:54,8
DA:56,1
DA:57,1
DA:58,1
DA:60,2
DA:63,2
DA:65,2
DA:66,1
DA:70,8
DA:72,2
DA:74,2
DA:75,1
DA:76,1
DA:77,1
DA:79,2
DA:82,2
DA:84,2
DA:85,1
DA:89,8
DA:91,2
DA:93,2
DA:94,1
DA:95,1
DA:96,1
DA:97,2
DA:100,2
DA:102,2
DA:103,1
DA:107,8
DA:109,2
DA:111,2
DA:112,1
DA:113,1
DA:114,1
DA:115,2
DA:118,2
DA:120,2
DA:121,1
DA:125,4
DA:131,5
DA:133,8
DA:136,4
DA:137,4
DA:139,4
DA:140,4
DA:141,4
DA:142,4
DA:143,4
DA:144,4
DA:147,8
DA:150,8
DA:156,8
DA:158,8
DA:160,1
DA:161,1
DA:162,2
DA:164,2
DA:166,2
DA:167,1
DA:171,8
DA:173,1
DA:174,1
DA:175,2
DA:177,2
DA:179,2
DA:180,1
DA:184,8
DA:186,1
DA:187,1
DA:188,2
DA:190,2
DA:192,2
DA:193,1
DA:197,8
DA:199,1
DA:200,1
DA:201,2
DA:203,2
DA:205,2
DA:206,1
DA:211,4
DA:217,2
DA:219,2
DA:221,1
DA:222,1
DA:224,1
DA:225,1
DA:227,1
DA:228,1
DA:230,2
DA:231,2
DA:233,2
DA:235,2
DA:237,2
DA:239,1
DA:240,1
DA:241,1
DA:242,2
DA:244,1
DA:249,4
LF:113
LH:113
end_of_record
TN:
SF:/home/kbikeguy/soft_eng/tank-project/tests/functional_tests/projectile_functional_tests.cpp
FN:29,_ZL29____C_A_T_C_H____T_E_S_T____0v
FN:218,_ZL30____C_A_T_C_H____T_E_S_T____16v
FN:293,_Z41__static_initialization_and_destruction_0ii
FN:293,_GLOBAL__sub_I_projectile_functional_tests.cpp
FNDA:1,_Z41__static_initialization_and_destruction_0ii
FNDA:1,_GLOBAL__sub_I_projectile_functional_tests.cpp
FNDA:8,_ZL29____C_A_T_C_H____T_E_S_T____0v
FNDA:4,_ZL30____C_A_T_C_H____T_E_S_T____16v
FNF:4
FNH:4
DA:29,9
DA:31,16
DA:34,4
DA:35,4
DA:36,4
DA:39,8
DA:42,8
DA:59,8
DA:61,8
DA:63,2
DA:64,2
DA:65,2
DA:66,4
DA:72,2
DA:74,2
DA:75,1
DA:77,2
DA:78,2
DA:79,2
DA:80,4
DA:86,2
DA:88,2
DA:89,1
DA:94,8
DA:96,2
DA:97,2
DA:98,2
DA:100,4
DA:106,2
DA:108,2
DA:109,1
DA:112,2
DA:113,2
DA:114,2
DA:115,4
DA:121,2
DA:123,2
DA:124,1
DA:128,16
DA:131,4
DA:132,4
DA:133,4
DA:136,8
DA:139,8
DA:143,8
DA:145,8
DA:147,2
DA:148,2
DA:149,2
DA:150,4
DA:156,2
DA:158,2
DA:159,1
DA:161,2
DA:162,2
DA:163,2
DA:164,4
DA:170,2
DA:172,2
DA:173,1
DA:178,8
DA:180,2
DA:181,2
DA:182,2
DA:184,4
DA:190,2
DA:192,2
DA:193,1
DA:196,2
DA:197,2
DA:198,2
DA:199,4
DA:205,2
DA:207,2
DA:208,1
DA:212,8
DA:218,5
DA:221,4
DA:222,4
DA:223,4
DA:225,4
DA:226,4
DA:227,4
DA:230,8
DA:231,8
DA:234,8
DA:239,8
DA:240,8
DA:242,8
DA:244,2
DA:245,2
DA:246,2
DA:247,2
DA:248,2
DA:250,4
DA:253,2
DA:255,2
DA:256,1
DA:258,2
DA:259,2
DA:260,2
DA:261,2
DA:263,2
DA:265,4
DA:267,2
DA:268,2
DA:269,1
DA:273,8
DA:275,2
DA:276,2
DA:277,2
DA:278,2
DA:279,2
DA:280,2
DA:281,2
DA:282,2
DA:284,4
DA:286,2
DA:288,1
DA:293,6
LF:120
LH:120
end_of_record
TN:
SF:/home/kbikeguy/soft_eng/tank-project/tests/src/DynamicLoaderTests.cpp
FN:11,_ZL29____C_A_T_C_H____T_E_S_T____0v
FN:17,_ZL29____C_A_T_C_H____T_E_S_T____2v
FN:29,_ZL29____C_A_T_C_H____T_E_S_T____4v
FN:34,_GLOBAL__sub_I_DynamicLoaderTests.cpp
FN:34,_Z41__static_initialization_and_destruction_0ii
FNDA:1,_ZL29____C_A_T_C_H____T_E_S_T____0v
FNDA:1,_ZL29____C_A_T_C_H____T_E_S_T____4v
FNDA:1,_ZL29____C_A_T_C_H____T_E_S_T____2v
FNDA:1,_GLOBAL__sub_I_DynamicLoaderTests.cpp
FNDA:1,_Z41__static_initialization_and_destruction_0ii
FNF:5
FNH:5
DA:11,2
DA:13,2
DA:14,1
DA:15,1
DA:17,2
DA:19,2
DA:20,2
DA:21,1
DA:22,1
DA:29,2
DA:31,2
DA:32,2
DA:33,1
DA:34,4
LF:14
LH:14
end_of_record
TN:
SF:/home/kbikeguy/soft_eng/tank-project/tests/src/GameFeildTests.cpp
FN:7,_ZL29____C_A_T_C_H____T_E_S_T____0v
FN:13,_ZL29____C_A_T_C_H____T_E_S_T____2v
FN:19,_ZL29____C_A_T_C_H____T_E_S_T____4v
FN:26,_ZL29____C_A_T_C_H____T_E_S_T____6v
FN:36,_ZL29____C_A_T_C_H____T_E_S_T____8v
FN:42,_ZL30____C_A_T_C_H____T_E_S_T____10v
FN:63,_ZL30____C_A_T_C_H____T_E_S_T____12v
FN:78,_ZL30____C_A_T_C_H____T_E_S_T____14v
FN:84,_ZL30____C_A_T_C_H____T_E_S_T____16v
FN:91,_ZL30____C_A_T_C_H____T_E_S_T____18v
FN:102,_ZL30____C_A_T_C_H____T_E_S_T____20v
FN:120,_ZL30____C_A_T_C_H____T_E_S_T____22v
FN:129,_ZL30____C_A_T_C_H____T_E_S_T____24v
FN:141,_ZL30____C_A_T_C_H____T_E_S_T____26v
FN:151,_ZL30____C_A_T_C_H____T_E_S_T____28v
FN:168,_ZL30____C_A_T_C_H____T_E_S_T____30v
FN:180,_ZL30____C_A_T_C_H____T_E_S_T____32v
FN:192,_ZL30____C_A_T_C_H____T_E_S_T____34v
FN:204,_ZL30____C_A_T_C_H____T_E_S_T____36v
FN:229,_ZL30____C_A_T_C_H____T_E_S_T____38v
FN:256,_ZL30____C_A_T_C_H____T_E_S_T____40v
FN:266,_ZL30____C_A_T_C_H____T_E_S_T____42v
FN:284,_ZL30____C_A_T_C_H____T_E_S_T____44v
FN:289,_ZL30____C_A_T_C_H____T_E_S_T____46v
FN:299,_ZL30____C_A_T_C_H____T_E_S_T____48v
FN:314,_ZL30____C_A_T_C_H____T_E_S_T____50v
FN:325,_ZL30____C_A_T_C_H____T_E_S_T____52v
FN:334,_ZL30____C_A_T_C_H____T_E_S_T____54v
FN:346,_ZL30____C_A_T_C_H____T_E_S_T____56v
FN:357,_ZL30____C_A_T_C_H____T_E_S_T____58v
FN:374,_ZL30____C_A_T_C_H____T_E_S_T____60v
FN:384,_ZL30____C_A_T_C_H____T_E_S_T____62v
FN:394,_ZL30____C_A_T_C_H____T_E_S_T____64v
FN:409,_ZL30____C_A_T_C_H____T_E_S_T____66v
FN:419,_ZL30____C_A_T_C_H____T_E_S_T____68v
FN:434,_ZL30____C_A_T_C_H____T_E_S_T____70v
FN:445,_ZL30____C_A_T_C_H____T_E_S_T____72v
FN:462,_ZL30____C_A_T_C_H____T_E_S_T____74v
FN:486,_ZL30____C_A_T_C_H____T_E_S_T____76v
FN:500,_ZL30____C_A_T_C_H____T_E_S_T____78v
FN:528,_ZL30____C_A_T_C_H____T_E_S_T____80v
FN:571,_ZL30____C_A_T_C_H____T_E_S_T____82v
FN:598,_GLOBAL__sub_I_GameFeildTests.cpp
FN:598,_Z41__static_initialization_and_destruction_0ii
FNDA:1,_ZL30____C_A_T_C_H____T_E_S_T____28v
FNDA:1,_ZL30____C_A_T_C_H____T_E_S_T____68v
FNDA:1,_ZL30____C_A_T_C_H____T_E_S_T____30v
FNDA:1,_ZL30____C_A_T_C_H____T_E_S_T____38v
FNDA:1,_ZL30____C_A_T_C_H____T_E_S_T____82v
FNDA:1,_ZL29____C_A_T_C_H____T_E_S_T____8v
FNDA:1,_ZL30____C_A_T_C_H____T_E_S_T____78v
FNDA:1,_ZL30____C_A_T_C_H____T_E_S_T____70v
FNDA:1,_ZL29____C_A_T_C_H____T_E_S_T____4v
FNDA:1,_ZL30____C_A_T_C_H____T_E_S_T____20v
FNDA:1,_Z41__static_initialization_and_destruction_0ii
FNDA:1,_ZL30____C_A_T_C_H____T_E_S_T____42v
FNDA:1,_ZL29____C_A_T_C_H____T_E_S_T____6v
FNDA:1,_ZL30____C_A_T_C_H____T_E_S_T____44v
FNDA:1,_ZL30____C_A_T_C_H____T_E_S_T____80v
FNDA:1,_ZL30____C_A_T_C_H____T_E_S_T____18v
FNDA:1,_ZL30____C_A_T_C_H____T_E_S_T____26v
FNDA:1,_ZL30____C_A_T_C_H____T_E_S_T____66v
FNDA:1,_ZL30____C_A_T_C_H____T_E_S_T____64v
FNDA:1,_ZL30____C_A_T_C_H____T_E_S_T____54v
FNDA:1,_ZL30____C_A_T_C_H____T_E_S_T____50v
FNDA:1,_ZL30____C_A_T_C_H____T_E_S_T____36v
FNDA:1,_ZL30____C_A_T_C_H____T_E_S_T____12v
FNDA:1,_ZL29____C_A_T_C_H____T_E_S_T____0v
FNDA:1,_ZL30____C_A_T_C_H____T_E_S_T____74v
FNDA:1,_ZL30____C_A_T_C_H____T_E_S_T____76v
FNDA:1,_ZL30____C_A_T_C_H____T_E_S_T____60v
FNDA:1,_ZL30____C_A_T_C_H____T_E_S_T____62v
FNDA:1,_ZL30____C_A_T_C_H____T_E_S_T____40v
FNDA:1,_ZL30____C_A_T_C_H____T_E_S_T____72v
FNDA:1,_ZL30____C_A_T_C_H____T_E_S_T____24v
FNDA:1,_ZL30____C_A_T_C_H____T_E_S_T____10v
FNDA:1,_ZL30____C_A_T_C_H____T_E_S_T____14v
FNDA:1,_GLOBAL__sub_I_GameFeildTests.cpp
FNDA:1,_ZL30____C_A_T_C_H____T_E_S_T____48v
FNDA:1,_ZL30____C_A_T_C_H____T_E_S_T____16v
FNDA:1,_ZL30____C_A_T_C_H____T_E_S_T____22v
FNDA:1,_ZL30____C_A_T_C_H____T_E_S_T____52v
FNDA:1,_ZL30____C_A_T_C_H____T_E_S_T____32v
FNDA:1,_ZL30____C_A_T_C_H____T_E_S_T____34v
FNDA:1,_ZL30____C_A_T_C_H____T_E_S_T____56v
FNDA:1,_ZL30____C_A_T_C_H____T_E_S_T____58v
FNDA:1,_ZL30____C_A_T_C_H____T_E_S_T____46v
FNDA:1,_ZL29____C_A_T_C_H____T_E_S_T____2v
FNF:44
FNH:44
DA:7,2
DA:9,2
DA:10,1
DA:11,1
DA:13,2
DA:15,2
DA:16,1
DA:17,1
DA:19,2
DA:21,2
DA:22,1
DA:25,1
DA:26,2
DA:28,2
DA:29,1
DA:30,2
DA:31,1
DA:32,1
DA:34,1
DA:36,2
DA:38,2
DA:39,1
DA:40,1
DA:42,2
DA:44,2
DA:45,2
DA:46,2
DA:47,2
DA:51,1
DA:52,1
DA:53,1
DA:55,2
DA:57,1
DA:61,1
DA:63,2
DA:65,2
DA:66,2
DA:67,2
DA:68,2
DA:69,2
DA:70,1
DA:71,1
DA:72,1
DA:73,1
DA:74,1
DA:75,1
DA:76,1
DA:78,2
DA:80,2
DA:81,1
DA:82,1
DA:84,2
DA:86,2
DA:87,2
DA:88,1
DA:89,1
DA:91,2
DA:93,1
DA:94,1
DA:95,2
DA:96,1
DA:97,1
DA:98,2
DA:99,1
DA:100,1
DA:102,2
DA:104,2
DA:105,1
DA:106,1
DA:107,1
DA:108,1
DA:109,1
DA:110,1
DA:111,1
DA:112,1
DA:113,1
DA:114,1
DA:115,2
DA:116,2
DA:117,1
DA:118,1
DA:120,2
DA:122,1
DA:123,2
DA:124,2
DA:125,1
DA:126,2
DA:127,1
DA:128,1
DA:129,2
DA:131,1
DA:132,2
DA:133,2
DA:134,1
DA:135,1
DA:136,1
DA:137,2
DA:138,1
DA:139,1
DA:140,1
DA:141,2
DA:143,1
DA:144,2
DA:145,2
DA:146,1
DA:147,2
DA:148,1
DA:149,1
DA:150,1
DA:151,2
DA:153,1
DA:154,1
DA:155,2
DA:156,2
DA:157,2
DA:158,1
DA:159,1
DA:160,1
DA:161,1
DA:162,1
DA:163,1
DA:164,2
DA:165,1
DA:166,1
DA:167,1
DA:168,2
DA:170,1
DA:171,2
DA:172,2
DA:173,1
DA:174,2
DA:175,1
DA:176,1
DA:177,1
DA:178,1
DA:179,1
DA:180,2
DA:182,1
DA:183,2
DA:184,2
DA:185,1
DA:186,2
DA:187,1
DA:188,1
DA:189,1
DA:190,1
DA:191,1
DA:192,2
DA:194,1
DA:195,2
DA:196,2
DA:197,1
DA:198,1
DA:199,1
DA:200,1
DA:201,1
DA:202,1
DA:204,2
DA:206,1
DA:207,1
DA:208,1
DA:210,2
DA:211,2
DA:212,2
DA:214,2
DA:215,1
DA:216,1
DA:217,1
DA:219,2
DA:221,1
DA:223,2
DA:224,1
DA:226,1
DA:229,2
DA:231,1
DA:232,1
DA:233,1
DA:235,2
DA:236,2
DA:237,2
DA:239,2
DA:240,1
DA:241,1
DA:242,1
DA:244,2
DA:246,1
DA:248,2
DA:251,1
DA:253,1
DA:256,2
DA:258,1
DA:259,2
DA:260,2
DA:261,1
DA:262,1
DA:264,1
DA:265,1
DA:266,2
DA:268,1
DA:269,1
DA:271,2
DA:272,2
DA:274,2
DA:275,1
DA:276,1
DA:277,1
DA:278,1
DA:279,1
DA:281,1
DA:282,1
DA:284,2
DA:286,2
DA:287,1
DA:288,1
DA:289,2
DA:291,2
DA:292,1
DA:293,2
DA:295,1
DA:297,1
DA:298,1
DA:299,2
DA:301,2
DA:302,1
DA:303,2
DA:305,1
DA:307,1
DA:308,1
DA:310,1
DA:311,1
DA:314,2
DA:316,2
DA:318,1
DA:320,1
DA:322,1
DA:323,1
DA:325,2
DA:327,2
DA:329,1
DA:330,1
DA:332,1
DA:333,1
DA:334,2
DA:336,1
DA:337,2
DA:338,2
DA:339,1
DA:340,1
DA:341,1
DA:342,1
DA:343,1
DA:344,1
DA:345,1
DA:346,2
DA:348,1
DA:349,2
DA:350,2
DA:351,1
DA:352,1
DA:353,1
DA:354,1
DA:355,1
DA:356,1
DA:357,2
DA:359,1
DA:360,2
DA:361,2
DA:362,1
DA:363,1
DA:364,1
DA:365,1
DA:366,1
DA:367,2
DA:368,2
DA:369,1
DA:370,1
DA:371,1
DA:372,1
DA:373,1
DA:374,2
DA:376,1
DA:377,2
DA:378,2
DA:379,1
DA:380,1
DA:381,1
DA:382,1
DA:383,1
DA:384,2
DA:386,1
DA:387,2
DA:388,2
DA:389,1
DA:390,1
DA:391,1
DA:392,1
DA:393,1
DA:394,2
DA:396,1
DA:397,1
DA:398,2
DA:399,2
DA:400,2
DA:401,2
DA:402,1
DA:403,1
DA:404,1
DA:405,1
DA:406,1
DA:407,1
DA:408,1
DA:409,2
DA:411,1
DA:412,2
DA:413,2
DA:414,1
DA:415,1
DA:416,1
DA:417,1
DA:418,1
DA:419,2
DA:421,1
DA:422,1
DA:423,2
DA:424,2
DA:425,2
DA:426,2
DA:427,1
DA:428,1
DA:429,1
DA:430,1
DA:431,1
DA:432,1
DA:433,1
DA:434,2
DA:437,1
DA:438,2
DA:439,2
DA:440,1
DA:441,1
DA:442,1
DA:443,1
DA:444,1
DA:445,2
DA:448,1
DA:449,1
DA:451,2
DA:452,2
DA:453,2
DA:454,2
DA:455,1
DA:456,1
DA:457,1
DA:458,1
DA:459,1
DA:460,1
DA:461,1
DA:462,2
DA:464,1
DA:465,1
DA:466,1
DA:467,1
DA:468,1
DA:470,2
DA:471,2
DA:472,1
DA:473,2
DA:474,1
DA:475,1
DA:476,1
DA:477,1
DA:478,1
DA:479,1
DA:480,1
DA:481,1
DA:482,1
DA:483,1
DA:484,1
DA:485,1
DA:486,2
DA:488,1
DA:489,2
DA:491,2
DA:493,1
DA:495,1
DA:496,1
DA:497,1
DA:500,2
DA:502,1
DA:503,1
DA:505,2
DA:506,2
DA:507,2
DA:509,1
DA:511,2
DA:513,1
DA:515,1
DA:517,1
DA:518,1
DA:519,1
DA:520,1
DA:525,1
DA:528,2
DA:530,1
DA:531,2
DA:533,2
DA:534,1
DA:536,2
DA:545,2
DA:547,8
DA:549,7
DA:550,7
DA:552,6
DA:554,5
DA:555,5
DA:558,1
DA:560,2
DA:562,1
DA:565,1
DA:569,1
DA:571,2
DA:573,1
DA:574,1
DA:575,2
DA:576,2
DA:578,1
DA:580,2
DA:581,1
DA:582,1
DA:584,2
DA:586,2
DA:588,1
DA:590,50
DA:591,49
DA:592,0
DA:594,1
DA:598,4
LF:437
LH:436
end_of_record
TN:
SF:/home/kbikeguy/soft_eng/tank-project/tests/src/SimpleAITests.cpp
FN:7,_ZL29____C_A_T_C_H____T_E_S_T____0v
FN:12,_ZL29____C_A_T_C_H____T_E_S_T____2v
FN:21,_ZL29____C_A_T_C_H____T_E_S_T____4v
FN:31,_ZL29____C_A_T_C_H____T_E_S_T____6v
FN:41,_ZL29____C_A_T_C_H____T_E_S_T____8v
FN:50,_ZL30____C_A_T_C_H____T_E_S_T____10v
FN:60,_ZL30____C_A_T_C_H____T_E_S_T____12v
FN:70,_ZL30____C_A_T_C_H____T_E_S_T____14v
FN:80,_ZL30____C_A_T_C_H____T_E_S_T____16v
FN:91,_ZL30____C_A_T_C_H____T_E_S_T____18v
FN:101,_ZL30____C_A_T_C_H____T_E_S_T____20v
FN:112,_ZL30____C_A_T_C_H____T_E_S_T____22v
FN:123,_ZL30____C_A_T_C_H____T_E_S_T____24v
FN:134,_ZL30____C_A_T_C_H____T_E_S_T____26v
FN:145,_ZL30____C_A_T_C_H____T_E_S_T____28v
FN:158,_ZL30____C_A_T_C_H____T_E_S_T____30v
FN:178,_ZL30____C_A_T_C_H____T_E_S_T____32v
FN:198,_ZL30____C_A_T_C_H____T_E_S_T____34v
FN:217,_Z41__static_initialization_and_destruction_0ii
FN:217,_GLOBAL__sub_I_SimpleAITests.cpp
FNDA:1,_ZL30____C_A_T_C_H____T_E_S_T____34v
FNDA:1,_GLOBAL__sub_I_SimpleAITests.cpp
FNDA:1,_ZL29____C_A_T_C_H____T_E_S_T____2v
FNDA:1,_ZL30____C_A_T_C_H____T_E_S_T____16v
FNDA:1,_ZL30____C_A_T_C_H____T_E_S_T____22v
FNDA:1,_ZL30____C_A_T_C_H____T_E_S_T____32v
FNDA:1,_ZL30____C_A_T_C_H____T_E_S_T____18v
FNDA:1,_ZL30____C_A_T_C_H____T_E_S_T____26v
FNDA:1,_ZL29____C_A_T_C_H____T_E_S_T____8v
FNDA:1,_ZL29____C_A_T_C_H____T_E_S_T____4v
FNDA:1,_ZL30____C_A_T_C_H____T_E_S_T____24v
FNDA:1,_ZL30____C_A_T_C_H____T_E_S_T____10v
FNDA:1,_ZL30____C_A_T_C_H____T_E_S_T____20v
FNDA:1,_Z41__static_initialization_and_destruction_0ii
FNDA:1,_ZL30____C_A_T_C_H____T_E_S_T____14v
FNDA:1,_ZL29____C_A_T_C_H____T_E_S_T____6v
FNDA:1,_ZL30____C_A_T_C_H____T_E_S_T____28v
FNDA:1,_ZL30____C_A_T_C_H____T_E_S_T____12v
FNDA:1,_ZL30____C_A_T_C_H____T_E_S_T____30v
FNDA:1,_ZL29____C_A_T_C_H____T_E_S_T____0v
FNF:20
FNH:20
DA:7,2
DA:9,2
DA:10,1
DA:11,1
DA:12,2
DA:14,2
DA:15,2
DA:16,2
DA:17,1
DA:19,1
DA:20,1
DA:21,2
DA:23,2
DA:24,2
DA:25,2
DA:26,1
DA:27,1
DA:29,1
DA:30,1
DA:31,2
DA:33,2
DA:34,2
DA:35,2
DA:36,1
DA:37,1
DA:39,1
DA:40,1
DA:41,2
DA:43,2
DA:44,2
DA:45,2
DA:46,1
DA:48,1
DA:49,1
DA:50,2
DA:52,2
DA:53,2
DA:54,2
DA:55,1
DA:56,1
DA:58,1
DA:59,1
DA:60,2
DA:62,2
DA:63,2
DA:64,2
DA:65,1
DA:66,1
DA:68,1
DA:69,1
DA:70,2
DA:72,2
DA:73,2
DA:74,2
DA:75,1
DA:76,1
DA:77,1
DA:78,1
DA:79,1
DA:80,2
DA:82,2
DA:83,2
DA:84,2
DA:85,1
DA:86,1
DA:87,1
DA:88,1
DA:89,1
DA:91,2
DA:93,2
DA:94,2
DA:95,2
DA:96,1
DA:97,1
DA:98,1
DA:99,1
DA:100,1
DA:101,2
DA:103,2
DA:104,2
DA:105,2
DA:106,1
DA:107,1
DA:108,1
DA:109,1
DA:110,1
DA:112,2
DA:114,2
DA:115,2
DA:116,2
DA:117,1
DA:118,1
DA:119,1
DA:120,1
DA:121,1
DA:123,2
DA:125,2
DA:126,2
DA:127,2
DA:128,1
DA:129,1
DA:130,1
DA:131,1
DA:132,1
DA:134,2
DA:136,2
DA:137,2
DA:138,2
DA:139,1
DA:140,1
DA:141,1
DA:142,1
DA:143,1
DA:145,2
DA:147,2
DA:148,2
DA:149,2
DA:150,1
DA:151,1
DA:152,1
DA:153,1
DA:154,1
DA:158,2
DA:160,2
DA:162,2
DA:167,2
DA:169,1
DA:170,1
DA:172,1
DA:174,1
DA:176,0
DA:178,2
DA:180,2
DA:182,2
DA:187,2
DA:189,1
DA:190,1
DA:192,1
DA:194,1
DA:196,0
DA:198,2
DA:200,2
DA:202,2
DA:208,2
DA:210,1
DA:211,1
DA:213,1
DA:215,1
DA:217,3
LF:149
LH:147
end_of_record
TN:
SF:/home/kbikeguy/soft_eng/tank-project/tests/src/SimpleActorTests.cpp
FN:6,_ZL29____C_A_T_C_H____T_E_S_T____0v
FN:11,_ZL29____C_A_T_C_H____T_E_S_T____2v
FN:19,_ZL29____C_A_T_C_H____T_E_S_T____4v
FN:29,_ZL29____C_A_T_C_H____T_E_S_T____6v
FN:37,_ZL29____C_A_T_C_H____T_E_S_T____8v
FN:48,_ZL30____C_A_T_C_H____T_E_S_T____10v
FN:56,_Z41__static_initialization_and_destruction_0ii
FN:56,_GLOBAL__sub_I_SimpleActorTests.cpp
FNDA:1,_Z41__static_initialization_and_destruction_0ii
FNDA:1,_ZL29____C_A_T_C_H____T_E_S_T____6v
FNDA:1,_ZL29____C_A_T_C_H____T_E_S_T____2v
FNDA:1,_ZL29____C_A_T_C_H____T_E_S_T____8v
FNDA:1,_ZL30____C_A_T_C_H____T_E_S_T____10v
FNDA:1,_ZL29____C_A_T_C_H____T_E_S_T____4v
FNDA:1,_GLOBAL__sub_I_SimpleActorTests.cpp
FNDA:1,_ZL29____C_A_T_C_H____T_E_S_T____0v
FNF:8
FNH:8
DA:6,2
DA:8,2
DA:9,1
DA:10,1
DA:11,2
DA:13,1
DA:14,2
DA:15,2
DA:16,1
DA:17,1
DA:18,1
DA:19,2
DA:21,1
DA:22,2
DA:23,2
DA:25,1
DA:26,1
DA:27,1
DA:28,1
DA:29,2
DA:31,1
DA:32,2
DA:33,2
DA:34,1
DA:35,1
DA:36,1
DA:37,2
DA:39,1
DA:40,2
DA:41,2
DA:43,1
DA:44,1
DA:45,1
DA:46,1
DA:47,1
DA:48,2
DA:50,1
DA:51,2
DA:52,2
DA:53,1
DA:54,1
DA:55,1
DA:56,4
LF:43
LH:43
end_of_record
TN:
SF:/home/kbikeguy/soft_eng/tank-project/tests/src/catch.hpp
FN:305,_ZN5Catch11NonCopyableC2Ev
FN:305,_ZN5Catch11NonCopyableD2Ev
FN:305,_ZN5Catch11NonCopyableD0Ev
FN:319,_ZN5Catch14SourceLineInfoC2EPKcm
FN:381,_ZN5Catch12ITestInvokerC2Ev
FN:381,_ZN5Catch12ITestInvokerD2Ev
FN:381,_ZN5Catch12ITestInvokerD0Ev
FN:391,_ZN5Catch17ITestCaseRegistryD2Ev
FN:391,_ZN5Catch17ITestCaseRegistryD0Ev
FN:391,_ZN5Catch17ITestCaseRegistryC2Ev
FN:438,_ZN5Catch9StringRefC2Ev
FN:442,_ZN5Catch9StringRefC2ERKS0_
FN:457,_ZN5Catch9StringRefC2EPKcm
FN:462,_ZN5Catch9StringRefC2ERKNSt7__cxx1112basic_stringIcSt11char_traitsIcESaIcEEE
FN:467,_ZN5Catch9StringRefD2Ev
FN:471,_ZN5Catch9StringRefaSERKS0_
FN:490,_ZNK5Catch9StringRef5emptyEv
FN:493,_ZNK5Catch9StringRef4sizeEv
FN:519,_ZN5Catchli3_srEPKcm
FN:547,_ZN5Catch11NameAndTagsD2Ev
FN:553,_ZN5Catch7AutoRegD0Ev
FN:553,_ZN5Catch7AutoRegD2Ev
FN:661,_ZN5Catch11isFalseTestEi
FN:669,_ZN5Catch13AssertionInfoaSEOS0_
FN:669,_ZN5Catch13AssertionInfoD2Ev
FN:669,_ZN5Catch13AssertionInfoC2ERKS0_
FN:669,_ZN5Catch13AssertionInfoaSERKS0_
FN:706,_ZN5Catch7IStreamD0Ev
FN:706,_ZN5Catch7IStreamC2Ev
FN:706,_ZN5Catch7IStreamD2Ev
FN:723,_ZN5Catch20ReusableStringStreamlsIjEERS0_RKT_
FN:723,_ZN5Catch20ReusableStringStreamlsIA25_cEERS0_RKT_
FN:723,_ZN5Catch20ReusableStringStreamlsIA4_cEERS0_RKT_
FN:723,_ZN5Catch20ReusableStringStreamlsISt8_SetfillIcEEERS0_RKT_
FN:723,_ZN5Catch20ReusableStringStreamlsIA28_cEERS0_RKT_
FN:723,_ZN5Catch20ReusableStringStreamlsIA3_cEERS0_RKT_
FN:723,_ZN5Catch20ReusableStringStreamlsINSt7__cxx1112basic_stringIcSt11char_traitsIcESaIcEEEEERS0_RKT_
FN:723,_ZN5Catch20ReusableStringStreamlsIA31_cEERS0_RKT_
FN:723,_ZN5Catch20ReusableStringStreamlsINS_14LazyExpressionEEERS0_RKT_
FN:723,_ZN5Catch20ReusableStringStreamlsIA20_cEERS0_RKT_
FN:723,_ZN5Catch20ReusableStringStreamlsIA5_cEERS0_RKT_
FN:723,_ZN5Catch20ReusableStringStreamlsIA19_cEERS0_RKT_
FN:723,_ZN5Catch20ReusableStringStreamlsIA45_cEERS0_RKT_
FN:723,_ZN5Catch20ReusableStringStreamlsIA22_cEERS0_RKT_
FN:723,_ZN5Catch20ReusableStringStreamlsIPKcEERS0_RKT_
FN:723,_ZN5Catch20ReusableStringStreamlsIA16_cEERS0_RKT_
FN:723,_ZN5Catch20ReusableStringStreamlsIA23_cEERS0_RKT_
FN:723,_ZN5Catch20ReusableStringStreamlsIA32_cEERS0_RKT_
FN:723,_ZN5Catch20ReusableStringStreamlsIA36_cEERS0_RKT_
FN:723,_ZN5Catch20ReusableStringStreamlsIA37_cEERS0_RKT_
FN:723,_ZN5Catch20ReusableStringStreamlsIA30_cEERS0_RKT_
FN:723,_ZN5Catch20ReusableStringStreamlsIA18_cEERS0_RKT_
FN:723,_ZN5Catch20ReusableStringStreamlsIA49_cEERS0_RKT_
FN:723,_ZN5Catch20ReusableStringStreamlsIfEERS0_RKT_
FN:723,_ZN5Catch20ReusableStringStreamlsI9directionEERS0_RKT_
FN:723,_ZN5Catch20ReusableStringStreamlsIFRSt8ios_baseS3_EEERS0_RKT_
FN:723,_ZN5Catch20ReusableStringStreamlsIA2_cEERS0_RKT_
FN:723,_ZN5Catch20ReusableStringStreamlsIcEERS0_RKT_
FN:723,_ZN5Catch20ReusableStringStreamlsIA34_cEERS0_RKT_
FN:723,_ZN5Catch20ReusableStringStreamlsIA9_cEERS0_RKT_
FN:723,_ZN5Catch20ReusableStringStreamlsIA13_cEERS0_RKT_
FN:723,_ZN5Catch20ReusableStringStreamlsIA27_cEERS0_RKT_
FN:723,_ZN5Catch20ReusableStringStreamlsIA12_cEERS0_RKT_
FN:723,_ZN5Catch20ReusableStringStreamlsIA29_cEERS0_RKT_
FN:723,_ZN5Catch20ReusableStringStreamlsINS_14SourceLineInfoEEERS0_RKT_
FN:723,_ZN5Catch20ReusableStringStreamlsIA1_cEERS0_RKT_
FN:723,_ZN5Catch20ReusableStringStreamlsIxEERS0_RKT_
FN:723,_ZN5Catch20ReusableStringStreamlsINS_16TestCaseTracking11TrackerBase10CycleStateEEERS0_RKT_
FN:723,_ZN5Catch20ReusableStringStreamlsImEERS0_RKT_
FN:723,_ZN5Catch20ReusableStringStreamlsINS_9StringRefEEERS0_RKT_
FN:723,_ZN5Catch20ReusableStringStreamlsIA47_cEERS0_RKT_
FN:723,_ZN5Catch20ReusableStringStreamlsISt13_SetprecisionEERS0_RKT_
FN:723,_ZN5Catch20ReusableStringStreamlsIA11_cEERS0_RKT_
FN:723,_ZN5Catch20ReusableStringStreamlsISt5_SetwEERS0_RKT_
FN:723,_ZN5Catch20ReusableStringStreamlsIyEERS0_RKT_
FN:723,_ZN5Catch20ReusableStringStreamlsIA26_cEERS0_RKT_
FN:723,_ZN5Catch20ReusableStringStreamlsIA21_cEERS0_RKT_
FN:723,_ZN5Catch20ReusableStringStreamlsIdEERS0_RKT_
FN:723,_ZN5Catch20ReusableStringStreamlsIA17_cEERS0_RKT_
FN:723,_ZN5Catch20ReusableStringStreamlsIA38_cEERS0_RKT_
FN:723,_ZN5Catch20ReusableStringStreamlsIA64_cEERS0_RKT_
FN:723,_ZN5Catch20ReusableStringStreamlsIA53_cEERS0_RKT_
FN:723,_ZN5Catch20ReusableStringStreamlsIA15_cEERS0_RKT_
FN:723,_ZN5Catch20ReusableStringStreamlsIA67_cEERS0_RKT_
FN:727,_ZN5Catch20ReusableStringStream3getEv
FN:801,_ZN5Catch6Detail17rawMemoryToStringIP11SimpleActorEENSt7__cxx1112basic_stringIcSt11char_traitsIcESaIcEEERKT_
FN:801,_ZN5Catch6Detail17rawMemoryToStringIP5ActorEENSt7__cxx1112basic_stringIcSt11char_traitsIcESaIcEEERKT_
FN:824,_ZN5Catch6Detail19convertUnstreamableI9ActorInfoEENSt9enable_ifIXaantsrSt7is_enumIT_E5valuentsrSt10is_base_ofISt9exceptionS5_E5valueENSt7__cxx1112basic_stringIcSt11char_traitsIcESaIcEEEE4typeERKS5_
FN:861,_ZN5Catch11StringMakerI9directionvE7convertIS1_EENSt9enable_ifIXsrNS_6Detail18IsStreamInsertableIT_EE5valueENSt7__cxx1112basic_stringIcSt11char_traitsIcESaIcEEEE4typeERKS7_
FN:861,_ZN5Catch11StringMakerINS_14SourceLineInfoEvE7convertIS1_EENSt9enable_ifIXsrNS_6Detail18IsStreamInsertableIT_EE5valueENSt7__cxx1112basic_stringIcSt11char_traitsIcESaIcEEEE4typeERKS7_
FN:872,_ZN5Catch11StringMakerI9ActorInfovE7convertIS1_EENSt9enable_ifIXntsrNS_6Detail18IsStreamInsertableIT_EE5valueENSt7__cxx1112basic_stringIcSt11char_traitsIcESaIcEEEE4typeERKS7_
FN:886,_ZN5Catch6Detail9stringifyIyEENSt7__cxx1112basic_stringIcSt11char_traitsIcESaIcEEERKT_
FN:886,_ZN5Catch6Detail9stringifyImEENSt7__cxx1112basic_stringIcSt11char_traitsIcESaIcEEERKT_
FN:886,_ZN5Catch6Detail9stringifyINS_14SourceLineInfoEEENSt7__cxx1112basic_stringIcSt11char_traitsIcESaIcEEERKT_
FN:886,_ZN5Catch6Detail9stringifyIjEENSt7__cxx1112basic_stringIcSt11char_traitsIcESaIcEEERKT_
FN:886,_ZN5Catch6Detail9stringifyI9ActorInfoEENSt7__cxx1112basic_stringIcSt11char_traitsIcESaIcEEERKT_
FN:886,_ZN5Catch6Detail9stringifyIcEENSt7__cxx1112basic_stringIcSt11char_traitsIcESaIcEEERKT_
FN:886,_ZN5Catch6Detail9stringifyIP11SimpleActorEENSt7__cxx1112basic_stringIcSt11char_traitsIcESaIcEEERKT_
FN:886,_ZN5Catch6Detail9stringifyIbEENSt7__cxx1112basic_stringIcSt11char_traitsIcESaIcEEERKT_
FN:886,_ZN5Catch6Detail9stringifyISt6vectorIiSaIiEEEENSt7__cxx1112basic_stringIcSt11char_traitsIcESaIcEEERKT_
FN:886,_ZN5Catch6Detail9stringifyINSt7__cxx1112basic_stringIcSt11char_traitsIcESaIcEEEEES7_RKT_
FN:886,_ZN5Catch6Detail9stringifyIxEENSt7__cxx1112basic_stringIcSt11char_traitsIcESaIcEEERKT_
FN:886,_ZN5Catch6Detail9stringifyIiEENSt7__cxx1112basic_stringIcSt11char_traitsIcESaIcEEERKT_
FN:886,_ZN5Catch6Detail9stringifyIDnEENSt7__cxx1112basic_stringIcSt11char_traitsIcESaIcEEERKT_
FN:886,_ZN5Catch6Detail9stringifyINSt7__cxx1112basic_stringIwSt11char_traitsIwESaIwEEEEENS3_IcS4_IcESaIcEEERKT_
FN:886,_ZN5Catch6Detail9stringifyIdEENSt7__cxx1112basic_stringIcSt11char_traitsIcESaIcEEERKT_
FN:886,_ZN5Catch6Detail9stringifyIP5ActorEENSt7__cxx1112basic_stringIcSt11char_traitsIcESaIcEEERKT_
FN:886,_ZN5Catch6Detail9stringifyI9directionEENSt7__cxx1112basic_stringIcSt11char_traitsIcESaIcEEERKT_
FN:1018,_ZN5Catch11StringMakerIP11SimpleActorvE7convertIS1_EENSt7__cxx1112basic_stringIcSt11char_traitsIcESaIcEEEPT_
FN:1018,_ZN5Catch11StringMakerIP5ActorvE7convertIS1_EENSt7__cxx1112basic_stringIcSt11char_traitsIcESaIcEEEPT_
FN:1049,_ZN5Catch6Detail13rangeToStringIN9__gnu_cxx17__normal_iteratorIPKiSt6vectorIiSaIiEEEEEENSt7__cxx1112basic_stringIcSt11char_traitsIcESaIcEEET_SG_
FN:1183,_ZN5Catch13rangeToStringISt6vectorIiSaIiEEEENSt7__cxx1112basic_stringIcSt11char_traitsIcESaIcEEERKT_
FN:1206,_ZN5Catch11StringMakerISt6vectorIiSaIiEEvE7convertB5cxx11ERKS3_
FN:1354,_ZN5Catch20ITransientExpressionD2Ev
FN:1354,_ZN5Catch20ITransientExpressionD0Ev
FN:1355,_ZNK5Catch20ITransientExpression18isBinaryExpressionEv
FN:1356,_ZNK5Catch20ITransientExpression9getResultEv
FN:1359,_ZN5Catch20ITransientExpressionC2Ebb
FN:1376,_ZN5Catch10BinaryExprIRK9directionS3_ED0Ev
FN:1376,_ZN5Catch10BinaryExprIRKibED0Ev
FN:1376,_ZN5Catch10BinaryExprIRKSt6vectorIiSaIiEES5_ED2Ev
FN:1376,_ZN5Catch10BinaryExprIRKP11SimpleActorRKDnED0Ev
FN:1376,_ZN5Catch10BinaryExprIRKP5ActorRKP11SimpleActorED2Ev
FN:1376,_ZN5Catch10BinaryExprIRK9ActorInfoS3_ED2Ev
FN:1376,_ZN5Catch10BinaryExprIRK9ActorInfoS3_ED0Ev
FN:1376,_ZN5Catch10BinaryExprIbbED2Ev
FN:1376,_ZN5Catch10BinaryExprIbbED0Ev
FN:1376,_ZN5Catch10BinaryExprIRKmRKiED0Ev
FN:1376,_ZN5Catch10BinaryExprIRKiS2_ED0Ev
FN:1376,_ZN5Catch10BinaryExprIRKibED2Ev
FN:1376,_ZN5Catch10BinaryExprIRKP11SimpleActorRKDnED2Ev
FN:1376,_ZN5Catch10BinaryExprIRK9directionS3_ED2Ev
FN:1376,_ZN5Catch10BinaryExprIRKSt6vectorIiSaIiEES5_ED0Ev
FN:1376,_ZN5Catch10BinaryExprIRKP5ActorRKP11SimpleActorED0Ev
FN:1376,_ZN5Catch10BinaryExprIRKmRKiED2Ev
FN:1376,_ZN5Catch10BinaryExprIRKiS2_ED2Ev
FN:1381,_ZNK5Catch10BinaryExprIRKP11SimpleActorRKDnE29streamReconstructedExpressionERSo
FN:1381,_ZNK5Catch10BinaryExprIRKSt6vectorIiSaIiEES5_E29streamReconstructedExpressionERSo
FN:1381,_ZNK5Catch10BinaryExprIRKP5ActorRKP11SimpleActorE29streamReconstructedExpressionERSo
FN:1381,_ZNK5Catch10BinaryExprIRKiS2_E29streamReconstructedExpressionERSo
FN:1381,_ZNK5Catch10BinaryExprIRK9ActorInfoS3_E29streamReconstructedExpressionERSo
FN:1381,_ZNK5Catch10BinaryExprIRK9directionS3_E29streamReconstructedExpressionERSo
FN:1381,_ZNK5Catch10BinaryExprIRKibE29streamReconstructedExpressionERSo
FN:1381,_ZNK5Catch10BinaryExprIbbE29streamReconstructedExpressionERSo
FN:1381,_ZNK5Catch10BinaryExprIRKmRKiE29streamReconstructedExpressionERSo
FN:1387,_ZN5Catch10BinaryExprIRKP11SimpleActorRKDnEC2EbS4_NS_9StringRefES6_
FN:1387,_ZN5Catch10BinaryExprIRK9directionS3_EC2EbS3_NS_9StringRefES3_
FN:1387,_ZN5Catch10BinaryExprIRKSt6vectorIiSaIiEES5_EC2EbS5_NS_9StringRefES5_
FN:1387,_ZN5Catch10BinaryExprIRKiS2_EC2EbS2_NS_9StringRefES2_
FN:1387,_ZN5Catch10BinaryExprIRKibEC2EbS2_NS_9StringRefEb
FN:1387,_ZN5Catch10BinaryExprIbbEC2EbbNS_9StringRefEb
FN:1387,_ZN5Catch10BinaryExprIRK9ActorInfoS3_EC2EbS3_NS_9StringRefES3_
FN:1387,_ZN5Catch10BinaryExprIRKmRKiEC2EbS2_NS_9StringRefES4_
FN:1387,_ZN5Catch10BinaryExprIRKP5ActorRKP11SimpleActorEC2EbS4_NS_9StringRefES8_
FN:1396,_ZN5Catch9UnaryExprIbED2Ev
FN:1396,_ZN5Catch9UnaryExprIbED0Ev
FN:1399,_ZNK5Catch9UnaryExprIbE29streamReconstructedExpressionERSo
FN:1404,_ZN5Catch9UnaryExprIbEC2Eb
FN:1412,_ZN5Catch12compareEqualIiiEEbRKT_RKT0_
FN:1412,_ZN5Catch12compareEqualImiEEbRKT_RKT0_
FN:1412,_ZN5Catch12compareEqualISt6vectorIiSaIiEES3_EEbRKT_RKT0_
FN:1412,_ZN5Catch12compareEqualI9ActorInfoS1_EEbRKT_RKT0_
FN:1412,_ZN5Catch12compareEqualIP5ActorP11SimpleActorEEbRKT_RKT0_
FN:1412,_ZN5Catch12compareEqualI9directionS1_EEbRKT_RKT0_
FN:1423,_ZN5Catch15compareNotEqualIP11SimpleActorRKDnEEbRKT_OT0_
FN:1423,_ZN5Catch15compareNotEqualI9directionRKS1_EEbRKT_OT0_
FN:1437,_ZN5Catch7ExprLhsIRKiEC2ES2_
FN:1437,_ZN5Catch7ExprLhsIbEC2Eb
FN:1437,_ZN5Catch7ExprLhsIRK9ActorInfoEC2ES3_
FN:1437,_ZN5Catch7ExprLhsIRK9directionEC2ES3_
FN:1437,_ZN5Catch7ExprLhsIRKmEC2ES2_
FN:1437,_ZN5Catch7ExprLhsIRKSt6vectorIiSaIiEEEC2ES5_
FN:1437,_ZN5Catch7ExprLhsIRKP11SimpleActorEC2ES4_
FN:1437,_ZN5Catch7ExprLhsIRKP5ActorEC2ES4_
FN:1440,_ZN5Catch7ExprLhsIRKP5ActorEeqIP11SimpleActorEEKNS_10BinaryExprIS4_RKT_EESC_
FN:1440,_ZN5Catch7ExprLhsIRKSt6vectorIiSaIiEEEeqIS3_EEKNS_10BinaryExprIS5_RKT_EESB_
FN:1440,_ZN5Catch7ExprLhsIRK9ActorInfoEeqIS1_EEKNS_10BinaryExprIS3_RKT_EES9_
FN:1440,_ZN5Catch7ExprLhsIRK9directionEeqIS1_EEKNS_10BinaryExprIS3_RKT_EES9_
FN:1440,_ZN5Catch7ExprLhsIRKiEeqIiEEKNS_10BinaryExprIS2_RKT_EES8_
FN:1440,_ZN5Catch7ExprLhsIRKmEeqIiEEKNS_10BinaryExprIS2_RKT_EES8_
FN:1443,_ZN5Catch7ExprLhsIbEeqEb
FN:1443,_ZN5Catch7ExprLhsIRKiEeqEb
FN:1448,_ZN5Catch7ExprLhsIRK9directionEneIS1_EEKNS_10BinaryExprIS3_RKT_EES9_
FN:1448,_ZN5Catch7ExprLhsIRKP11SimpleActorEneIDnEEKNS_10BinaryExprIS4_RKT_EESA_
FN:1456,_ZN5Catch7ExprLhsIRKmEgtIiEEKNS_10BinaryExprIS2_RKT_EES8_
FN:1464,_ZN5Catch7ExprLhsIRKiEgeIiEEKNS_10BinaryExprIS2_RKT_EES8_
FN:1472,_ZNK5Catch7ExprLhsIbE13makeUnaryExprEv
FN:1486,_ZN5Catch10DecomposerleImEENS_7ExprLhsIRKT_EES5_
FN:1486,_ZN5Catch10DecomposerleIiEENS_7ExprLhsIRKT_EES5_
FN:1486,_ZN5Catch10DecomposerleI9ActorInfoEENS_7ExprLhsIRKT_EES6_
FN:1486,_ZN5Catch10DecomposerleI9directionEENS_7ExprLhsIRKT_EES6_
FN:1486,_ZN5Catch10DecomposerleIP5ActorEENS_7ExprLhsIRKT_EES7_
FN:1486,_ZN5Catch10DecomposerleIP11SimpleActorEENS_7ExprLhsIRKT_EES7_
FN:1486,_ZN5Catch10DecomposerleISt6vectorIiSaIiEEEENS_7ExprLhsIRKT_EES8_
FN:1490,_ZN5Catch10DecomposerleEb
FN:1520,_ZN5Catch14IResultCaptureD0Ev
FN:1520,_ZN5Catch14IResultCaptureD2Ev
FN:1520,_ZN5Catch14IResultCaptureC2Ev
FN:1597,_ZN5Catch17AssertionReactionC2Ev
FN:1614,_ZN5Catch16AssertionHandlerD2Ev
FN:1621,_ZN5Catch16AssertionHandler10handleExprIbEEvRKNS_7ExprLhsIT_EE
FN:1652,_ZN5Catch11MessageInfoC2EOS0_
FN:1652,_ZN5Catch11MessageInfoD2Ev
FN:1652,_ZN5Catch11MessageInfoC2ERKS0_
FN:1652,_ZN5Catch11MessageInfoaSEOS0_
FN:1669,_ZN5Catch13MessageStreamC2Ev
FN:1669,_ZN5Catch13MessageStreamD2Ev
FN:1680,_ZN5Catch14MessageBuilderD2Ev
FN:1686,_ZN5Catch14MessageBuilderlsINSt7__cxx1112basic_stringIcSt11char_traitsIcESaIcEEEEERS0_RKT_
FN:1847,_ZN5Catch6CountsC2Ev
FN:1860,_ZN5Catch6TotalsC2Ev
FN:1878,_ZN5Catch11SectionInfoaSERKS0_
FN:1878,_ZN5Catch11SectionInfoC2ERKS0_
FN:1878,_ZN5Catch11SectionInfoD2Ev
FN:1878,_ZN5Catch11SectionInfoC2EOS0_
FN:1894,_ZN5Catch14SectionEndInfoC2EOS0_
FN:1894,_ZN5Catch14SectionEndInfoC2ERKS0_
FN:1894,_ZN5Catch14SectionEndInfoD2Ev
FN:1912,_ZN5Catch5TimerC2Ev
FN:2025,_ZN5Catch12IRegistryHubC2Ev
FN:2025,_ZN5Catch12IRegistryHubD2Ev
FN:2025,_ZN5Catch12IRegistryHubD0Ev
FN:2037,_ZN5Catch19IMutableRegistryHubD0Ev
FN:2037,_ZN5Catch19IMutableRegistryHubC2Ev
FN:2037,_ZN5Catch19IMutableRegistryHubD2Ev
FN:2070,_ZN5Catch20IExceptionTranslatorD0Ev
FN:2070,_ZN5Catch20IExceptionTranslatorD2Ev
FN:2075,_ZN5Catch28IExceptionTranslatorRegistryC2Ev
FN:2075,_ZN5Catch28IExceptionTranslatorRegistryD0Ev
FN:2075,_ZN5Catch28IExceptionTranslatorRegistryD2Ev
FN:2155,_ZN5Catch6Detail6ApproxC2IivEERKT_
FN:2155,_ZN5Catch6Detail6ApproxC2IevEERKT_
FN:2155,_ZN5Catch6Detail6ApproxC2IyvEERKT_
FN:2272,_ZN5Catch9pluraliseD2Ev
FN:2299,_ZN5Catch8Matchers4Impl18MatcherUntypedBaseD2Ev
FN:2299,_ZN5Catch8Matchers4Impl18MatcherUntypedBaseD0Ev
FN:2301,_ZN5Catch8Matchers4Impl18MatcherUntypedBaseC2Ev
FN:2313,_ZN5Catch8Matchers4Impl13MatcherMethodINSt7__cxx1112basic_stringIcSt11char_traitsIcESaIcEEEEC2Ev
FN:2313,_ZN5Catch8Matchers4Impl13MatcherMethodIdEC2Ev
FN:2322,_ZN5Catch8Matchers4Impl11MatcherBaseIdED0Ev
FN:2322,_ZN5Catch8Matchers4Impl11MatcherBaseINSt7__cxx1112basic_stringIcSt11char_traitsIcESaIcEEEEC2Ev
FN:2322,_ZN5Catch8Matchers4Impl11MatcherBaseIdEC2Ev
FN:2322,_ZN5Catch8Matchers4Impl11MatcherBaseINSt7__cxx1112basic_stringIcSt11char_traitsIcESaIcEEEED2Ev
FN:2322,_ZN5Catch8Matchers4Impl11MatcherBaseIdED2Ev
FN:2322,_ZN5Catch8Matchers4Impl11MatcherBaseINSt7__cxx1112basic_stringIcSt11char_traitsIcESaIcEEEED0Ev
FN:2445,_ZN5Catch8Matchers8Floating16WithinAbsMatcherD0Ev
FN:2445,_ZN5Catch8Matchers8Floating16WithinAbsMatcherD2Ev
FN:2454,_ZN5Catch8Matchers8Floating17WithinUlpsMatcherD0Ev
FN:2454,_ZN5Catch8Matchers8Floating17WithinUlpsMatcherD2Ev
FN:2533,_ZN5Catch8Matchers9StdString11CasedStringD2Ev
FN:2533,_ZN5Catch8Matchers9StdString11CasedStringC2ERKS2_
FN:2543,_ZN5Catch8Matchers9StdString17StringMatcherBaseD2Ev
FN:2543,_ZN5Catch8Matchers9StdString17StringMatcherBaseD0Ev
FN:2551,_ZN5Catch8Matchers9StdString13EqualsMatcherD0Ev
FN:2551,_ZN5Catch8Matchers9StdString13EqualsMatcherD2Ev
FN:2555,_ZN5Catch8Matchers9StdString15ContainsMatcherD0Ev
FN:2555,_ZN5Catch8Matchers9StdString15ContainsMatcherD2Ev
FN:2559,_ZN5Catch8Matchers9StdString17StartsWithMatcherD2Ev
FN:2559,_ZN5Catch8Matchers9StdString17StartsWithMatcherD0Ev
FN:2563,_ZN5Catch8Matchers9StdString15EndsWithMatcherD2Ev
FN:2563,_ZN5Catch8Matchers9StdString15EndsWithMatcherD0Ev
FN:2568,_ZN5Catch8Matchers9StdString12RegexMatcherD0Ev
FN:2568,_ZN5Catch8Matchers9StdString12RegexMatcherD2Ev
FN:2769,_ZN5Catch9MatchExprINSt7__cxx1112basic_stringIcSt11char_traitsIcESaIcEEERKNS_8Matchers4Impl11MatcherBaseIS6_EEED0Ev
FN:2769,_ZN5Catch9MatchExprINSt7__cxx1112basic_stringIcSt11char_traitsIcESaIcEEERKNS_8Matchers4Impl11MatcherBaseIS6_EEED2Ev
FN:2774,_ZN5Catch9MatchExprINSt7__cxx1112basic_stringIcSt11char_traitsIcESaIcEEERKNS_8Matchers4Impl11MatcherBaseIS6_EEEC2ERKS6_SC_NS_9StringRefE
FN:2781,_ZNK5Catch9MatchExprINSt7__cxx1112basic_stringIcSt11char_traitsIcESaIcEEERKNS_8Matchers4Impl11MatcherBaseIS6_EEE29streamReconstructedExpressionERSo
FN:2852,_ZN5Catch12TestCaseInfoC2EOS0_
FN:2852,_ZN5Catch12TestCaseInfoaSEOS0_
FN:2852,_ZN5Catch12TestCaseInfoC2ERKS0_
FN:2852,_ZN5Catch12TestCaseInfoD2Ev
FN:2887,_ZN5Catch8TestCaseaSEOS0_
FN:2887,_ZN5Catch8TestCaseC2EOS0_
FN:2887,_ZN5Catch8TestCaseD2Ev
FN:2887,_ZN5Catch8TestCaseC2ERKS0_
FN:2920,_ZN5Catch7IRunnerD2Ev
FN:2920,_ZN5Catch7IRunnerD0Ev
FN:2920,_ZN5Catch7IRunnerC2Ev
FN:3170,_ZN5Catch15WildcardPatternD2Ev
FN:3170,_ZN5Catch15WildcardPatternD0Ev
FN:3188,_ZN5Catch8TestSpecC2ERKS0_
FN:3188,_ZN5Catch8TestSpecD2Ev
FN:3188,_ZN5Catch8TestSpecC2Ev
FN:3188,_ZN5Catch8TestSpecaSEOS0_
FN:3189,_ZN5Catch8TestSpec7PatternD2Ev
FN:3189,_ZN5Catch8TestSpec7PatternC2Ev
FN:3189,_ZN5Catch8TestSpec7PatternD0Ev
FN:3195,_ZN5Catch8TestSpec11NamePatternD2Ev
FN:3195,_ZN5Catch8TestSpec11NamePatternD0Ev
FN:3204,_ZN5Catch8TestSpec10TagPatternD2Ev
FN:3204,_ZN5Catch8TestSpec10TagPatternD0Ev
FN:3213,_ZN5Catch8TestSpec15ExcludedPatternD2Ev
FN:3213,_ZN5Catch8TestSpec15ExcludedPatternD0Ev
FN:3222,_ZN5Catch8TestSpec6FilterC2EOS1_
FN:3222,_ZN5Catch8TestSpec6FilterC2ERKS1_
FN:3222,_ZN5Catch8TestSpec6FilteraSEOS1_
FN:3222,_ZN5Catch8TestSpec6FilterC2Ev
FN:3222,_ZN5Catch8TestSpec6FilterD2Ev
FN:3252,_ZN5Catch17ITagAliasRegistryC2Ev
FN:3266,_ZN5Catch14TestSpecParserD2Ev
FN:3290,_ZN5Catch14TestSpecParser10addPatternINS_8TestSpec10TagPatternEEEvv
FN:3290,_ZN5Catch14TestSpecParser10addPatternINS_8TestSpec11NamePatternEEEvv
FN:3365,_ZN5Catch7IConfigD2Ev
FN:3365,_ZN5Catch7IConfigD0Ev
FN:3365,_ZN5Catch7IConfigC2Ev
FN:3407,_ZN5Catch10ConfigDataaSERKS0_
FN:3407,_ZN5Catch10ConfigDataD2Ev
FN:3407,_ZN5Catch10ConfigDataC2ERKS0_
FN:3407,_ZN5Catch10ConfigDataC2Ev
FN:3450,_ZN5Catch6ConfigD0Ev
FN:3450,_ZN5Catch6ConfigD2Ev
FN:3506,_ZN5Catch19AssertionResultDataD2Ev
FN:3506,_ZN5Catch19AssertionResultDataC2ERKS0_
FN:3520,_ZN5Catch15AssertionResultC2ERKS0_
FN:3520,_ZN5Catch15AssertionResultD2Ev
FN:3554,_ZN5Catch6OptionINS_11TestRunInfoEEC2Ev
FN:3554,_ZN5Catch6OptionINS_12TestCaseInfoEEC2Ev
FN:3554,_ZN5Catch6OptionINS_9GroupInfoEEC2Ev
FN:3554,_ZN5Catch6OptionINS_15AssertionResultEEC2Ev
FN:3554,_ZN5Catch6OptionImEC2Ev
FN:3562,_ZN5Catch6OptionINS_11TestRunInfoEED2Ev
FN:3562,_ZN5Catch6OptionINS_12TestCaseInfoEED2Ev
FN:3562,_ZN5Catch6OptionINS_15AssertionResultEED2Ev
FN:3562,_ZN5Catch6OptionImED2Ev
FN:3562,_ZN5Catch6OptionINS_9GroupInfoEED2Ev
FN:3574,_ZN5Catch6OptionINS_12TestCaseInfoEEaSERKS1_
FN:3574,_ZN5Catch6OptionINS_15AssertionResultEEaSERKS1_
FN:3574,_ZN5Catch6OptionImEaSERKm
FN:3574,_ZN5Catch6OptionINS_9GroupInfoEEaSERKS1_
FN:3574,_ZN5Catch6OptionINS_11TestRunInfoEEaSERKS1_
FN:3580,_ZN5Catch6OptionINS_15AssertionResultEE5resetEv
FN:3580,_ZN5Catch6OptionINS_9GroupInfoEE5resetEv
FN:3580,_ZN5Catch6OptionImE5resetEv
FN:3580,_ZN5Catch6OptionINS_11TestRunInfoEE5resetEv
FN:3580,_ZN5Catch6OptionINS_12TestCaseInfoEE5resetEv
FN:3586,_ZN5Catch6OptionImEdeEv
FN:3587,_ZNK5Catch6OptionINS_15AssertionResultEEdeEv
FN:3588,_ZN5Catch6OptionINS_11TestRunInfoEEptEv
FN:3588,_ZN5Catch6OptionINS_12TestCaseInfoEEptEv
FN:3588,_ZN5Catch6OptionINS_9GroupInfoEEptEv
FN:3591,_ZNK5Catch6OptionImE7valueOrERKm
FN:3595,_ZNK5Catch6OptionImE4someEv
FN:3599,_ZNK5Catch6OptionImEcvbEv
FN:3619,_ZN5Catch14ReporterConfigD2Ev
FN:3632,_ZN5Catch19ReporterPreferencesC2Ev
FN:3638,_ZN5Catch8LazyStatINS_9GroupInfoEED2Ev
FN:3638,_ZN5Catch8LazyStatINS_12TestCaseInfoEED2Ev
FN:3638,_ZN5Catch8LazyStatINS_11TestRunInfoEEC2Ev
FN:3638,_ZN5Catch8LazyStatINS_11TestRunInfoEED2Ev
FN:3638,_ZN5Catch8LazyStatINS_12TestCaseInfoEEC2Ev
FN:3638,_ZN5Catch8LazyStatINS_9GroupInfoEEC2Ev
FN:3639,_ZN5Catch8LazyStatINS_9GroupInfoEEaSERKS1_
FN:3639,_ZN5Catch8LazyStatINS_11TestRunInfoEEaSERKS1_
FN:3639,_ZN5Catch8LazyStatINS_12TestCaseInfoEEaSERKS1_
FN:3644,_ZN5Catch8LazyStatINS_11TestRunInfoEE5resetEv
FN:3644,_ZN5Catch8LazyStatINS_9GroupInfoEE5resetEv
FN:3644,_ZN5Catch8LazyStatINS_12TestCaseInfoEE5resetEv
FN:3651,_ZN5Catch11TestRunInfoD2Ev
FN:3651,_ZN5Catch11TestRunInfoC2ERKS0_
FN:3655,_ZN5Catch9GroupInfoD2Ev
FN:3655,_ZN5Catch9GroupInfoC2ERKS0_
FN:3665,_ZN5Catch14AssertionStatsD2Ev
FN:3665,_ZN5Catch14AssertionStatsD0Ev
FN:3670,_ZN5Catch14AssertionStatsC2ERKS0_
[...]
DA:10077,2
DA:10079,2
DA:10080,2
DA:10095,0
DA:10096,0
DA:10097,0
DA:10098,0
DA:10099,0
DA:10100,0
DA:10101,0
DA:10102,0
DA:10103,0
DA:10104,0
DA:10105,0
DA:10106,0
DA:10107,0
DA:10108,0
DA:10110,0
DA:10112,0
DA:10113,0
DA:10115,0
DA:10116,0
DA:10120,0
DA:10123,74
DA:10128,74
DA:10131,148
DA:10132,148
DA:10133,74
DA:10134,148
DA:10135,74
DA:10136,0
DA:10137,0
DA:10138,0
DA:10140,0
DA:10143,0
DA:10144,0
DA:10145,0
DA:10146,0
DA:10147,0
DA:10148,0
DA:10150,0
DA:10151,0
DA:10152,0
DA:10155,0
DA:10158,74
DA:10159,0
DA:10162,148
DA:10163,148
DA:10166,74
DA:10167,74
DA:10168,74
DA:10169,74
DA:10171,74
DA:10172,0
DA:10173,0
DA:10174,0
DA:10176,74
DA:10177,74
DA:10179,74
DA:10183,74
DA:10188,74
DA:10190,74
DA:10191,74
DA:10193,0
DA:10194,0
DA:10196,0
DA:10197,0
DA:10199,4
DA:10200,4
DA:10202,74
DA:10203,74
DA:10206,0
DA:10207,0
DA:10209,0
DA:10210,0
DA:10211,0
DA:10213,0
DA:10214,0
DA:10215,0
DA:10216,0
DA:10217,0
DA:10220,0
DA:10223,74
DA:10225,0
DA:10226,0
DA:10227,0
DA:10228,0
DA:10231,90
DA:10232,90
DA:10233,86
DA:10235,0
DA:10236,0
DA:10237,0
DA:10238,0
DA:10241,511
DA:10242,511
DA:10245,242
DA:10247,242
DA:10258,2
DA:10260,2
DA:10262,2
DA:10263,0
DA:10264,0
DA:10265,0
DA:10266,0
DA:10267,0
DA:10268,0
DA:10269,0
DA:10270,2
DA:10272,2
DA:10274,2
DA:10276,74
DA:10277,74
DA:10280,2
DA:10281,4
DA:10282,76
DA:10283,74
DA:10284,74
DA:10289,2
DA:10291,0
DA:10292,0
DA:10293,0
DA:10294,0
DA:10295,0
DA:10296,0
DA:10297,0
DA:10299,2
DA:10300,2
DA:10303,74
DA:10304,148
DA:10305,74
DA:10306,0
DA:10307,0
DA:10308,0
DA:10310,74
DA:10313,0
DA:10314,0
DA:10316,2
DA:10317,2
DA:10318,2
DA:10320,2
DA:10321,2
DA:10322,2
DA:10324,2
DA:10328,74
DA:10330,90
DA:10331,90
DA:10332,86
DA:10334,74
DA:10335,74
DA:10336,74
DA:10338,0
DA:10339,0
DA:10340,0
DA:10341,0
DA:10342,0
DA:10344,74
DA:10365,281
DA:10367,281
DA:10368,281
DA:10372,0
DA:10373,0
DA:10374,0
DA:10377,74
DA:10378,74
DA:10379,74
DA:10380,74
DA:10381,74
DA:10384,0
DA:10385,0
DA:10386,0
DA:10387,0
DA:10388,0
DA:10390,90
DA:10391,90
DA:10392,90
DA:10393,90
DA:10394,152
DA:10395,152
DA:10396,152
DA:10398,207
DA:10399,207
DA:10401,358
DA:10402,358
DA:10404,304
DA:10405,304
DA:10406,304
DA:10408,207
DA:10409,170
DA:10411,262
DA:10412,262
DA:10415,189
DA:10418,189
DA:10419,189
DA:10421,262
DA:10422,262
DA:10424,331
DA:10425,331
DA:10427,90
DA:10428,90
DA:10430,117
DA:10431,117
DA:10433,0
DA:10434,0
DA:10437,115
DA:10438,115
DA:10439,115
DA:10441,207
DA:10442,207
DA:10443,414
DA:10444,92
DA:10445,506
DA:10447,0
DA:10448,0
DA:10449,0
DA:10452,214
DA:10453,214
DA:10454,136
DA:10455,136
DA:10456,62
DA:10458,214
DA:10460,0
DA:10461,0
DA:10463,152
DA:10464,152
DA:10465,152
DA:10466,152
DA:10467,152
DA:10468,152
DA:10470,151
DA:10473,151
DA:10474,0
DA:10476,151
DA:10477,1
DA:10478,1
DA:10480,89
DA:10481,89
DA:10482,89
DA:10483,61
DA:10484,61
DA:10485,25
DA:10486,61
DA:10488,0
DA:10491,0
DA:10493,0
DA:10494,0
DA:10496,151
DA:10497,151
DA:10498,151
DA:10499,1
DA:10500,1
DA:10501,1
DA:10502,1
DA:10503,1
DA:10504,1
DA:10505,1
DA:10506,1
DA:10507,1
DA:10508,1
DA:10510,152
DA:10511,152
DA:10512,152
DA:10513,152
DA:10514,152
DA:10515,152
DA:10516,152
DA:10518,189
DA:10519,189
DA:10521,189
DA:10522,115
DA:10523,0
DA:10525,115
DA:10526,115
DA:10528,189
DA:10530,281
DA:10532,207
DA:10533,414
DA:10535,207
DA:10536,414
DA:10537,92
DA:10538,92
DA:10539,92
DA:10542,115
DA:10543,115
DA:10545,207
DA:10546,180
DA:10547,414
DA:10550,180
DA:10551,180
DA:10552,152
DA:10553,180
DA:10555,74
DA:10556,74
DA:10557,0
DA:10558,0
DA:10559,0
DA:10561,74
DA:10562,115
DA:10563,115
DA:10564,0
DA:10565,115
DA:10567,0
DA:10569,0
DA:10570,0
DA:10572,0
DA:10574,0
DA:10575,0
DA:10577,0
DA:10578,0
DA:10579,0
DA:10580,0
DA:10581,0
DA:10584,0
DA:10585,0
DA:10588,0
DA:10589,0
DA:10590,0
DA:10591,0
DA:10594,0
DA:10597,0
DA:10599,0
DA:10600,0
DA:10601,0
DA:10602,0
DA:10604,0
DA:10605,0
DA:10606,0
DA:10607,0
DA:10608,0
DA:10627,74
DA:10628,74
DA:10631,74
DA:10633,74
DA:10635,74
DA:10636,74
DA:10637,148
DA:10639,148
DA:10641,74
DA:10642,0
DA:10644,0
DA:10646,74
DA:10665,0
DA:10666,0
DA:10667,0
DA:10668,0
DA:10669,0
DA:10672,2
DA:10673,74
DA:10674,148
DA:10676,222
DA:10679,2
DA:10680,74
DA:10682,74
DA:10684,148
DA:10685,74
DA:10686,0
DA:10688,74
DA:10691,0
DA:10692,0
DA:10694,74
DA:10696,74
DA:10697,74
DA:10698,74
DA:10699,0
DA:10707,2
DA:10709,2
DA:10710,2
DA:10711,2
DA:10712,2
DA:10713,2
DA:10714,2
DA:10715,8
DA:10716,6
DA:10717,2
DA:10718,0
DA:10719,2
DA:10721,2
DA:10722,2
DA:10723,2
DA:10726,6
DA:10727,6
DA:10728,4
DA:10729,0
DA:10730,2
DA:10731,2
DA:10732,0
DA:10733,0
DA:10734,0
DA:10737,2
DA:10738,0
DA:10739,0
DA:10740,0
DA:10742,0
DA:10743,0
DA:10744,0
DA:10746,0
DA:10747,0
DA:10749,0
DA:10750,0
DA:10752,2
DA:10753,0
DA:10754,2
DA:10755,0
DA:10756,2
DA:10757,2
DA:10759,2
DA:10760,2
DA:10761,2
DA:10762,2
DA:10763,0
DA:10764,0
DA:10765,0
DA:10766,0
DA:10767,0
DA:10768,0
DA:10769,2
DA:10771,2
DA:10772,2
DA:10773,2
DA:10774,2
DA:10776,2
DA:10778,0
DA:10779,0
DA:10792,355
DA:10793,355
DA:10797,0
DA:10798,0
DA:10801,0
DA:10803,0
DA:10806,0
DA:10807,0
DA:10808,0
DA:10809,0
DA:10811,0
DA:10812,0
DA:10817,0
DA:10818,0
DA:10824,0
DA:10827,0
DA:10828,0
DA:10829,0
DA:10832,207
DA:10833,207
DA:10834,207
DA:10835,148
DA:10836,148
DA:10838,148
DA:10839,148
DA:10841,0
DA:10842,0
DA:10844,148
DA:10845,148
DA:10870,2
DA:10878,0
DA:10884,0
DA:10885,0
DA:10890,0
DA:10892,0
DA:10893,0
DA:10894,0
DA:10895,0
DA:10898,0
DA:10899,0
DA:10900,0
DA:10901,0
DA:10902,0
DA:10903,0
DA:10908,0
DA:10909,0
DA:10910,0
DA:10913,0
DA:10914,0
DA:10915,0
DA:10917,0
DA:10918,0
DA:10919,0
DA:10920,0
DA:10921,0
DA:10922,0
DA:10924,0
DA:10933,0
DA:10934,0
DA:10935,0
DA:10938,0
DA:10939,0
DA:10940,0
DA:10941,0
DA:10942,0
DA:10943,0
DA:10944,0
DA:10945,0
DA:10946,0
DA:10947,0
DA:10948,0
DA:10949,0
DA:10952,0
DA:10953,0
DA:10957,0
DA:10958,0
DA:10959,0
DA:10960,0
DA:10961,0
DA:10963,0
DA:10967,0
DA:10968,0
DA:10969,0
DA:10971,0
DA:10974,0
DA:10975,0
DA:10976,0
DA:10978,0
DA:10982,0
DA:10983,0
DA:10984,0
DA:10986,0
DA:10989,0
DA:10990,0
DA:10991,0
DA:10993,0
DA:10998,2
DA:10999,2
DA:11001,0
DA:11002,0
DA:11004,2
DA:11005,4
DA:11006,2
DA:11007,2
DA:11008,0
DA:11010,4
DA:11013,0
DA:11014,0
DA:11016,0
DA:11017,0
DA:11019,0
DA:11020,0
DA:11021,0
DA:11022,0
DA:11023,0
DA:11025,0
DA:11028,0
DA:11029,0
DA:11032,0
DA:11033,0
DA:11034,0
DA:11035,0
DA:11036,0
DA:11037,0
DA:11038,0
DA:11039,0
DA:11040,0
DA:11041,0
DA:11042,0
DA:11044,0
DA:11045,0
DA:11046,0
DA:11049,0
DA:11050,0
DA:11052,0
DA:11053,0
DA:11056,0
DA:11057,0
DA:11060,0
DA:11061,0
DA:11063,0
DA:11064,0
DA:11067,0
DA:11068,0
DA:11069,0
DA:11070,0
DA:11071,0
DA:11072,0
DA:11085,300
DA:11086,300
DA:11087,300
DA:11088,300
DA:11089,300
DA:11090,300
DA:11093,222
DA:11094,222
DA:11095,222
DA:11096,222
DA:11097,222
DA:11100,172
DA:11101,172
DA:11103,4
DA:11104,4
DA:11106,0
DA:11107,0
DA:11110,74
DA:11111,74
DA:11112,74
DA:11113,74
DA:11114,74
DA:11117,74
DA:11118,74
DA:11119,74
DA:11120,74
DA:11123,74
DA:11124,74
DA:11125,74
DA:11126,4
DA:11127,70
DA:11128,0
DA:11130,70
DA:11131,74
DA:11141,62
DA:11145,62
DA:11156,2
DA:11161,2
DA:11166,2
DA:11167,2
DA:11169,2
DA:11170,2
DA:11171,2
DA:11172,2
DA:11174,2
DA:11175,0
DA:11176,0
DA:11178,2
DA:11181,2
DA:11182,2
DA:11183,2
DA:11194,0
DA:11195,0
DA:11197,0
DA:11199,0
DA:11200,0
DA:11201,0
DA:11203,0
DA:11204,0
DA:11205,0
DA:11207,0
DA:11209,0
DA:11210,0
DA:11211,0
DA:11212,0
DA:11213,0
DA:11214,0
DA:11215,0
DA:11216,0
DA:11217,0
DA:11218,0
DA:11219,0
DA:11220,0
DA:11224,0
DA:11225,0
DA:11239,0
DA:11240,0
DA:11241,0
DA:11243,0
DA:11244,0
DA:11246,0
DA:11247,0
DA:11249,0
DA:11252,0
DA:11253,0
DA:11254,0
DA:11256,0
DA:11257,0
DA:11259,0
DA:11260,0
DA:11262,0
DA:11265,0
DA:11266,0
DA:11267,0
DA:11268,0
DA:11269,0
DA:11273,0
DA:11275,0
DA:11276,0
DA:11278,0
DA:11282,0
DA:11283,0
DA:11284,0
DA:11285,0
DA:11286,0
DA:11288,0
DA:11290,0
DA:11291,0
DA:11293,0
DA:11294,0
DA:11296,0
DA:11297,0
DA:11298,0
DA:11300,0
DA:11301,0
DA:11303,0
DA:11308,0
DA:11309,0
DA:11310,0
DA:11314,0
DA:11315,0
DA:11316,0
DA:11325,0
DA:11327,0
DA:11328,0
DA:11331,0
DA:11333,0
DA:11334,0
DA:11335,0
DA:11340,0
DA:11341,0
DA:11342,0
DA:11343,0
DA:11344,0
DA:11345,0
DA:11348,0
DA:11350,0
DA:11352,0
DA:11353,0
DA:11354,0
DA:11358,0
DA:11359,0
DA:11363,0
DA:11364,0
DA:11366,0
DA:11367,0
DA:11370,0
DA:11372,0
DA:11373,0
DA:11374,0
DA:11377,0
DA:11378,0
DA:11379,0
DA:11381,0
DA:11382,0
DA:11383,0
DA:11384,0
DA:11385,0
DA:11386,0
DA:11387,0
DA:11389,0
DA:11390,0
DA:11391,0
DA:11394,0
DA:11395,0
DA:11396,0
DA:11397,0
DA:11399,0
DA:11400,0
DA:11401,0
DA:11404,0
DA:11406,0
DA:11407,0
DA:11409,0
DA:11410,0
DA:11411,0
DA:11412,0
DA:11414,0
DA:11415,0
DA:11416,0
DA:11417,0
DA:11418,0
DA:11419,0
DA:11420,0
DA:11421,0
DA:11424,0
DA:11425,0
DA:11426,0
DA:11427,0
DA:11430,0
DA:11431,0
DA:11432,0
DA:11433,0
DA:11434,0
DA:11435,0
DA:11438,0
DA:11440,0
DA:11441,0
DA:11442,0
DA:11445,0
DA:11446,0
DA:11447,0
DA:11448,0
DA:11451,0
DA:11452,0
DA:11453,0
DA:11456,0
DA:11457,0
DA:11458,0
DA:11459,0
DA:11460,0
DA:11461,0
DA:11462,0
DA:11463,0
DA:11465,0
DA:11468,0
DA:11469,0
DA:11470,0
DA:11471,0
DA:11472,0
DA:11475,0
DA:11476,0
DA:11477,0
DA:11479,0
DA:11480,0
DA:11481,0
DA:11482,0
DA:11485,0
DA:11486,0
DA:11487,0
DA:11488,0
DA:11490,0
DA:11492,0
DA:11493,0
DA:11494,0
DA:11496,0
DA:11497,0
DA:11498,0
DA:11499,0
DA:11501,0
DA:11513,0
DA:11514,0
DA:11515,0
DA:11519,0
DA:11524,0
DA:11528,0
DA:11532,0
DA:11534,0
DA:11537,0
DA:11538,0
DA:11540,0
DA:11542,0
DA:11543,0
DA:11556,0
DA:11557,0
DA:11561,0
DA:11563,0
DA:11565,0
DA:11578,0
DA:11579,0
DA:11580,0
DA:11581,0
DA:11582,0
DA:11584,0
DA:11585,0
DA:11587,0
DA:11588,0
DA:11589,0
DA:11590,0
DA:11591,0
DA:11593,0
DA:11594,0
DA:11595,0
DA:11596,0
DA:11597,0
DA:11599,0
DA:11600,0
DA:11602,0
DA:11604,0
DA:11605,0
DA:11606,0
DA:11608,0
DA:11611,0
DA:11615,0
DA:11616,0
DA:11619,0
DA:11620,0
DA:11622,0
DA:11623,0
DA:11625,0
DA:11627,0
DA:11628,0
DA:11629,0
DA:11630,0
DA:11631,0
DA:11632,0
DA:11633,0
DA:11635,0
DA:11636,0
DA:11637,0
DA:11638,0
DA:11639,0
DA:11641,0
DA:11642,0
DA:11643,0
DA:11644,0
DA:11645,0
DA:11646,0
DA:11647,0
DA:11648,0
DA:11649,0
DA:11650,0
DA:11651,0
DA:11652,0
DA:11653,0
DA:11654,0
DA:11655,0
DA:11656,0
DA:11657,0
DA:11658,0
DA:11659,0
DA:11660,0
DA:11661,0
DA:11662,0
DA:11663,0
DA:11664,0
DA:11665,0
DA:11666,0
DA:11667,0
DA:11668,0
DA:11669,0
DA:11670,0
DA:11671,0
DA:11672,0
DA:11673,0
DA:11674,0
DA:11675,0
DA:11676,0
DA:11677,0
DA:11678,0
DA:11679,0
DA:11680,0
DA:11682,0
DA:11685,0
DA:11686,0
DA:11688,0
DA:11691,0
DA:11692,0
DA:11693,0
DA:11694,0
DA:11696,0
DA:11697,0
DA:11699,0
DA:11700,0
DA:11702,0
DA:11704,0
DA:11706,0
DA:11707,0
DA:11708,0
DA:11710,0
DA:11711,0
DA:11712,0
DA:11714,0
DA:11715,0
DA:11717,0
DA:11719,0
DA:11721,0
DA:11722,0
DA:11723,0
DA:11725,0
DA:11727,0
DA:11728,0
DA:11730,0
DA:11731,0
DA:11733,0
DA:11735,0
DA:11737,0
DA:11738,0
DA:11739,0
DA:11740,0
DA:11742,0
DA:11744,0
DA:11745,0
DA:11746,0
DA:11749,0
DA:11750,0
DA:11753,0
DA:11754,0
DA:11757,0
DA:11759,0
DA:11760,0
DA:11761,0
DA:11762,0
DA:11763,0
DA:11779,0
DA:11780,0
DA:11783,0
DA:11784,0
DA:11787,0
DA:11788,0
DA:11789,0
DA:11791,0
DA:11793,0
DA:11794,0
DA:11796,0
DA:11799,0
DA:11800,0
DA:11801,0
DA:11802,0
DA:11805,0
DA:11806,0
DA:11808,0
DA:11809,0
DA:11812,0
DA:11813,0
DA:11814,0
DA:11816,0
DA:11818,0
DA:11819,0
DA:11820,0
DA:11821,0
DA:11822,0
DA:11824,0
DA:11826,2
DA:11847,4
DA:11851,4
DA:11852,4
DA:11856,4
DA:11858,8
DA:11859,4
DA:11860,0
DA:11861,0
DA:11862,0
DA:11864,0
DA:11865,0
DA:11866,0
DA:11867,0
DA:11868,0
DA:11869,4
DA:11870,4
DA:11871,0
DA:11872,0
DA:11874,4
DA:11875,4
DA:11877,4
DA:11878,0
DA:11879,4
DA:11880,0
DA:11881,4
DA:11882,0
DA:11883,0
DA:11884,0
DA:11885,0
DA:11886,0
DA:11887,0
DA:11888,0
DA:11889,0
DA:11890,0
DA:11891,0
DA:11892,0
DA:11893,0
DA:11894,0
DA:11895,0
DA:11896,0
DA:11897,0
DA:11898,0
DA:11899,0
DA:11900,0
DA:11901,0
DA:11902,0
DA:11903,0
DA:11904,0
DA:11905,0
DA:11906,0
DA:11907,0
DA:11908,0
DA:11909,0
DA:11910,0
DA:11911,0
DA:11912,0
DA:11913,0
DA:11914,0
DA:11916,0
DA:11919,0
DA:11920,0
DA:11921,0
DA:11923,4
DA:11925,4
DA:11926,4
DA:11927,4
DA:11928,4
DA:11929,0
DA:11930,4
DA:11931,4
DA:11932,4
DA:11934,0
DA:11936,4
DA:11937,4
DA:11940,4
DA:11941,4
DA:11942,8
DA:11943,4
DA:11945,4
DA:11946,4
DA:11947,4
DA:11948,8
DA:11949,4
DA:11950,4
DA:11951,4
DA:11953,4
DA:11954,4
DA:11955,4
DA:11956,4
DA:11957,8
DA:11958,4
DA:11960,4
DA:11961,4
DA:11962,4
DA:11963,0
DA:11964,4
DA:11966,0
DA:11967,0
DA:11969,4
DA:11970,4
DA:11971,8
DA:11972,4
DA:11973,4
DA:11986,6
DA:11987,6
DA:11988,6
DA:11991,1
DA:11992,1
DA:11993,0
DA:11994,1
DA:11995,0
DA:11997,1
DA:12000,24
DA:12027,0
DA:12028,0
DA:12029,0
DA:12030,0
DA:12031,0
DA:12032,0
DA:12033,0
DA:12034,0
DA:12035,0
DA:12036,0
DA:12037,0
DA:12038,0
DA:12040,0
DA:12043,0
DA:12045,0
DA:12046,0
DA:12047,0
DA:12048,0
DA:12049,0
DA:12050,0
DA:12051,0
DA:12052,0
DA:12053,0
DA:12054,0
DA:12055,0
DA:12056,0
DA:12059,0
DA:12060,0
DA:12061,0
DA:12062,0
DA:12063,0
DA:12064,0
DA:12065,0
DA:12066,0
DA:12067,0
DA:12068,0
DA:12069,0
DA:12070,0
DA:12071,0
DA:12072,0
DA:12076,0
DA:12077,0
DA:12082,2
DA:12090,2
DA:12091,2
DA:12092,2
DA:12094,0
DA:12095,0
DA:12098,0
DA:12099,0
DA:12100,0
DA:12101,0
DA:12102,0
DA:12103,0
DA:12104,0
DA:12105,0
DA:12107,0
DA:12108,230
DA:12109,230
DA:12110,0
DA:12111,0
DA:12112,0
DA:12114,230
DA:12117,0
DA:12118,0
DA:12119,0
DA:12122,0
DA:12123,0
DA:12125,0
DA:12126,0
DA:12127,0
DA:12128,0
DA:12129,0
DA:12130,0
DA:12132,0
DA:12134,0
DA:12135,0
DA:12136,0
DA:12137,0
DA:12138,0
DA:12139,0
DA:12141,0
DA:12142,0
DA:12145,0
DA:12146,0
DA:12147,0
DA:12148,0
DA:12150,0
DA:12154,2
DA:12162,2
DA:12165,0
DA:12166,0
DA:12169,0
DA:12170,0
DA:12171,0
DA:12173,135
DA:12175,4
DA:12176,4
DA:12178,4
DA:12181,4
DA:12182,0
DA:12184,4
DA:12186,8
DA:12187,4
DA:12188,4
DA:12189,4
DA:12192,152
DA:12193,152
DA:12194,152
DA:12195,152
DA:12196,152
DA:12197,152
DA:12198,152
DA:12199,0
DA:12200,0
DA:12201,0
DA:12202,0
DA:12204,0
DA:12205,0
DA:12207,152
DA:12208,0
DA:12210,152
DA:12211,4
DA:12213,152
DA:12214,152
DA:12216,0
DA:12217,0
DA:12219,0
DA:12221,0
DA:12222,0
DA:12223,0
DA:12224,0
DA:12226,0
DA:12228,0
DA:12230,0
DA:12231,0
DA:12232,0
DA:12233,0
DA:12234,0
DA:12235,0
DA:12236,0
DA:12237,0
DA:12239,74
DA:12240,74
DA:12241,74
DA:12242,74
DA:12243,74
DA:12244,2
DA:12245,2
DA:12246,0
DA:12247,0
DA:12248,0
DA:12249,0
DA:12251,2
DA:12252,2
DA:12253,2
DA:12254,2
DA:12255,2
DA:12256,2
DA:12257,2
DA:12258,2
DA:12260,4
DA:12262,4
DA:12263,4
DA:12264,4
DA:12266,4
DA:12268,4
DA:12269,2
DA:12270,4
DA:12271,4
DA:12273,4
DA:12274,4
DA:12275,4
DA:12277,4
DA:12278,2
DA:12279,2
DA:12280,4
DA:12281,2
DA:12282,2
DA:12283,2
DA:12285,2
DA:12286,0
DA:12288,2
DA:12289,2
DA:12290,4
DA:12291,4
DA:12292,0
DA:12293,0
DA:12295,4
DA:12296,4
DA:12297,4
DA:12298,4
DA:12300,4
DA:12301,2
DA:12304,1
DA:12305,1
DA:12306,7
DA:12307,3
DA:12310,4
DA:12312,4
DA:12313,4
DA:12314,8
DA:12315,4
DA:12317,4
DA:12318,4
DA:12320,0
DA:12321,0
DA:12322,0
DA:12323,0
DA:12324,4
DA:12325,4
DA:12327,8
DA:12328,4
DA:12330,4
DA:12334,7
DA:12335,7
DA:12336,7
DA:12337,4
DA:12339,3
DA:12340,7
DA:12341,7
DA:12343,100
DA:12345,8
DA:12346,16
DA:12347,16
DA:12348,16
DA:12349,32
DA:12350,16
DA:12351,32
DA:12352,24
DA:12353,12
DA:12354,2
DA:12355,8
DA:12356,0
DA:12358,16
DA:12359,32
DA:12368,2
DA:12369,2
DA:12370,0
DA:12371,2
DA:12372,0
DA:12373,0
DA:12374,0
DA:12375,0
DA:12376,0
DA:12379,4
DA:12380,6
DA:12381,4
DA:12382,4
DA:12383,6
DA:12384,4
DA:12385,4
DA:12386,6
DA:12387,4
DA:12388,4
DA:12389,6
DA:12390,4
DA:12391,4
DA:12393,2
DA:12394,2
DA:12396,2
DA:12397,4
DA:12398,20
DA:12399,32
DA:12400,16
DA:12401,4
DA:12402,4
DA:12403,4
DA:12405,0
DA:12406,12
DA:12407,8
DA:12408,16
DA:12409,8
DA:12412,4
DA:12413,4
DA:12415,2
DA:12416,2
DA:12417,2
DA:12418,2
DA:12419,2
DA:12420,2
DA:12421,0
DA:12422,4
DA:12423,1
DA:12425,2
DA:12426,2
DA:12427,2
DA:12428,0
DA:12430,2
DA:12432,0
DA:12434,2
DA:12435,2
DA:12436,0
DA:12437,0
DA:12438,0
DA:12440,2
DA:12458,0
DA:12462,0
DA:12463,0
DA:12470,0
DA:12474,0
DA:12479,0
DA:12481,0
DA:12484,0
DA:12487,0
DA:12488,0
DA:12489,0
DA:12490,0
DA:12494,0
DA:12496,0
DA:12498,0
DA:12499,0
DA:12500,0
DA:12502,0
DA:12504,0
DA:12505,0
DA:12508,0
DA:12510,0
DA:12511,0
DA:12512,0
DA:12513,0
DA:12515,0
DA:12516,0
DA:12517,0
DA:12518,0
DA:12519,0
DA:12520,0
DA:12521,0
DA:12523,0
DA:12524,0
DA:12525,0
DA:12527,0
DA:12528,0
DA:12529,0
DA:12530,0
DA:12533,0
DA:12534,0
DA:12535,0
DA:12536,0
DA:12537,0
DA:12539,0
DA:12540,0
DA:12541,0
DA:12542,0
DA:12543,0
DA:12545,0
DA:12546,0
DA:12547,0
DA:12549,0
DA:12550,0
DA:12551,0
DA:12552,0
DA:12553,0
DA:12554,0
DA:12555,0
DA:12556,0
DA:12557,0
DA:12558,0
DA:12560,0
DA:12561,0
DA:12564,0
DA:12565,0
DA:12567,0
DA:12568,0
DA:12569,0
DA:12571,0
DA:12572,0
DA:12576,0
DA:12577,0
DA:12579,0
DA:12581,0
DA:12582,0
DA:12583,0
DA:12584,0
DA:12587,0
DA:12588,0
DA:12590,0
DA:12591,0
DA:12593,0
DA:12596,0
DA:12597,0
DA:12598,0
DA:12600,0
DA:12601,0
DA:12602,0
DA:12603,0
DA:12604,0
DA:12605,0
DA:12606,0
DA:12609,0
DA:12610,0
DA:12612,0
DA:12614,0
DA:12616,0
DA:12617,0
DA:12618,0
DA:12619,0
DA:12621,0
DA:12622,0
DA:12623,0
DA:12625,0
DA:12626,0
DA:12628,0
DA:12629,0
DA:12630,0
DA:12631,0
DA:12633,0
DA:12634,0
DA:12635,0
DA:12636,0
DA:12637,0
DA:12638,0
DA:12640,0
DA:12641,0
DA:12642,0
DA:12643,0
DA:12644,0
DA:12645,0
DA:12646,0
DA:12647,0
DA:12648,0
DA:12649,0
DA:12650,0
DA:12653,0
DA:12659,0
DA:12660,0
DA:12663,0
DA:12665,0
DA:12666,0
DA:12668,0
DA:12669,0
DA:12670,0
DA:12671,0
DA:12672,0
DA:12673,0
DA:12675,0
DA:12676,0
DA:12678,0
DA:12680,2
DA:12690,0
DA:12692,0
DA:12693,0
DA:12695,0
DA:12696,0
DA:12697,0
DA:12699,0
DA:12700,0
DA:12701,0
DA:12702,0
DA:12703,0
DA:12705,0
DA:12706,0
DA:12709,0
DA:12710,0
DA:12713,0
DA:12714,0
DA:12715,0
DA:12717,0
DA:12718,0
DA:12720,0
DA:12721,0
DA:12722,0
DA:12724,0
DA:12725,0
DA:12726,0
DA:12727,0
DA:12728,0
DA:12730,0
DA:12731,0
DA:12733,0
DA:12734,0
DA:12735,0
DA:12737,0
DA:12738,0
DA:12740,0
DA:12741,0
DA:12742,0
DA:12744,0
DA:12745,0
DA:12747,0
DA:12748,0
DA:12749,0
DA:12751,0
DA:12752,0
DA:12754,0
DA:12755,0
DA:12756,0
DA:12758,0
DA:12759,0
DA:12761,0
DA:12762,0
DA:12763,0
DA:12765,0
DA:12766,0
DA:12769,0
DA:12770,0
DA:12771,0
DA:12773,0
DA:12776,0
DA:12777,0
DA:12778,0
DA:12780,0
DA:12781,0
DA:12783,0
DA:12784,0
DA:12785,0
DA:12787,0
DA:12788,0
DA:12790,0
DA:12791,0
DA:12792,0
DA:12794,0
DA:12795,0
DA:12797,0
DA:12798,0
DA:12799,0
DA:12801,0
DA:12802,0
DA:12804,0
DA:12805,0
DA:12806,0
DA:12808,0
DA:12809,0
DA:12811,0
DA:12812,0
DA:12827,0
DA:12829,0
DA:12831,0
DA:12832,0
DA:12833,0
DA:12837,0
DA:12838,0
DA:12841,0
DA:12842,0
DA:12845,0
DA:12847,0
DA:12848,0
DA:12849,0
DA:12851,0
DA:12852,0
DA:12853,0
DA:12855,0
DA:12856,0
DA:12857,0
DA:12858,0
DA:12859,0
DA:12860,0
DA:12861,0
DA:12862,0
DA:12863,0
DA:12865,0
DA:12866,0
DA:12867,0
DA:12868,0
DA:12869,0
DA:12871,0
DA:12872,0
DA:12873,0
DA:12874,0
DA:12875,0
DA:12876,0
DA:12878,0
DA:12880,0
DA:12881,0
DA:12882,0
DA:12883,0
DA:12885,0
DA:12886,0
DA:12887,0
DA:12888,0
DA:12889,0
DA:12890,0
DA:12891,0
DA:12893,0
DA:12895,0
DA:12897,0
DA:12899,0
DA:12901,0
DA:12903,0
DA:12905,0
DA:12906,0
DA:12907,0
DA:12908,0
DA:12909,0
DA:12910,0
DA:12911,0
DA:12917,0
DA:12918,0
DA:12921,0
DA:12922,0
DA:12923,0
DA:12924,0
DA:12926,0
DA:12928,0
DA:12929,0
DA:12930,0
DA:12931,0
DA:12935,0
DA:12936,0
DA:12937,0
DA:12938,0
DA:12939,0
DA:12940,0
DA:12941,0
DA:12942,0
DA:12943,0
DA:12944,0
DA:12945,0
DA:12946,0
DA:12947,0
DA:12948,0
DA:12949,0
DA:12950,0
DA:12951,0
DA:12952,0
DA:12954,0
DA:12955,0
DA:12956,0
DA:12957,0
DA:12958,0
DA:12959,0
DA:12960,0
DA:12961,0
DA:12962,0
DA:12965,0
DA:12966,0
DA:12968,0
DA:12971,0
DA:12972,0
DA:12973,0
DA:12974,0
DA:12975,0
DA:12976,0
DA:12977,0
DA:12979,0
DA:12980,0
DA:12982,0
DA:12984,0
DA:12986,0
DA:12987,0
DA:12988,0
DA:12989,0
DA:12991,0
DA:12992,0
DA:12994,0
DA:12995,0
DA:12996,0
DA:12997,0
DA:12999,0
DA:13000,0
DA:13002,0
DA:13003,0
DA:13005,0
DA:13006,0
DA:13007,0
DA:13008,0
DA:13009,0
DA:13010,0
DA:13012,0
DA:13013,0
DA:13014,0
DA:13015,0
DA:13016,0
DA:13017,0
DA:13018,0
DA:13019,0
DA:13021,2
DA:13031,2
DA:13051,2
DA:13054,2
DA:13353,6
LF:4271
LH:1685
end_of_record
